<?xml version="1.0" encoding="UTF-8" ?>
<testsuite tests="5" failures="3" name="com.niit.elegantoutfitsbackend.CategoryTestCase" time="2.001" errors="0" skipped="0">
  <properties>
[...]
</properties>
  <testcase classname="com.niit.elegantoutfitsbackend.CategoryTestCase" name="createCategoryTestCase" time="0.864">
    <failure message="create Category Test Case expected:&lt;true&gt; but was:&lt;false&gt;" type="java.lang.AssertionError">java.lang.AssertionError: create Category Test Case expected:&lt;true&gt; but was:&lt;false&gt;
	at org.junit.Assert.fail(Assert.java:88)
	at org.junit.Assert.failNotEquals(Assert.java:743)
	at org.junit.Assert.assertEquals(Assert.java:118)
	at com.niit.elegantoutfitsbackend.CategoryTestCase.createCategoryTestCase(CategoryTestCase.java:43)
	at sun.reflect.NativeMethodAccessorImpl.invoke0(Native Method)
	at sun.reflect.NativeMethodAccessorImpl.invoke(NativeMethodAccessorImpl.java:62)
	at sun.reflect.DelegatingMethodAccessorImpl.invoke(DelegatingMethodAccessorImpl.java:43)
	at java.lang.reflect.Method.invoke(Method.java:483)
	at org.junit.runners.model.FrameworkMethod$1.runReflectiveCall(FrameworkMethod.java:47)
	at org.junit.internal.runners.model.ReflectiveCallable.run(ReflectiveCallable.java:12)
	at org.junit.runners.model.FrameworkMethod.invokeExplosively(FrameworkMethod.java:44)
	at org.junit.internal.runners.statements.InvokeMethod.evaluate(InvokeMethod.java:17)
	at org.junit.runners.ParentRunner.runLeaf(ParentRunner.java:271)
	at org.junit.runners.BlockJUnit4ClassRunner.runChild(BlockJUnit4ClassRunner.java:70)
	at org.junit.runners.BlockJUnit4ClassRunner.runChild(BlockJUnit4ClassRunner.java:50)
	at org.junit.runners.ParentRunner$3.run(ParentRunner.java:238)
	at org.junit.runners.ParentRunner$1.schedule(ParentRunner.java:63)
	at org.junit.runners.ParentRunner.runChildren(ParentRunner.java:236)
	at org.junit.runners.ParentRunner.access$000(ParentRunner.java:53)
	at org.junit.runners.ParentRunner$2.evaluate(ParentRunner.java:229)
	at org.junit.internal.runners.statements.RunBefores.evaluate(RunBefores.java:26)
	at org.junit.runners.ParentRunner.run(ParentRunner.java:309)
	at org.apache.maven.surefire.junit4.JUnit4Provider.execute(JUnit4Provider.java:252)
	at org.apache.maven.surefire.junit4.JUnit4Provider.executeTestSet(JUnit4Provider.java:141)
	at org.apache.maven.surefire.junit4.JUnit4Provider.invoke(JUnit4Provider.java:112)
	at sun.reflect.NativeMethodAccessorImpl.invoke0(Native Method)
	at sun.reflect.NativeMethodAccessorImpl.invoke(NativeMethodAccessorImpl.java:62)
	at sun.reflect.DelegatingMethodAccessorImpl.invoke(DelegatingMethodAccessorImpl.java:43)
	at java.lang.reflect.Method.invoke(Method.java:483)
	at org.apache.maven.surefire.util.ReflectionUtils.invokeMethodWithArray(ReflectionUtils.java:189)
	at org.apache.maven.surefire.booter.ProviderFactory$ProviderProxy.invoke(ProviderFactory.java:165)
	at org.apache.maven.surefire.booter.ProviderFactory.invokeProvider(ProviderFactory.java:85)
	at org.apache.maven.surefire.booter.ForkedBooter.runSuitesInProcess(ForkedBooter.java:115)
	at org.apache.maven.surefire.booter.ForkedBooter.main(ForkedBooter.java:75)
</failure>
    <system-out>11:42:25.039 [main] DEBUG org.jboss.logging - Logging Provider: org.jboss.logging.Slf4jLoggerProvider
11:42:25.135 [main] DEBUG org.hibernate.integrator.internal.IntegratorServiceImpl - Adding Integrator [org.hibernate.cfg.beanvalidation.BeanValidationIntegrator].
11:42:25.147 [main] DEBUG org.hibernate.integrator.internal.IntegratorServiceImpl - Adding Integrator [org.hibernate.secure.spi.JaccIntegrator].
11:42:25.161 [main] DEBUG org.hibernate.integrator.internal.IntegratorServiceImpl - Adding Integrator [org.hibernate.cache.internal.CollectionCacheInvalidator].
11:42:25.673 [main] INFO org.hibernate.Version - HHH000412: Hibernate Core {5.1.0.Final}
11:42:25.687 [main] INFO org.hibernate.cfg.Environment - HHH000206: hibernate.properties not found
11:42:25.698 [main] INFO org.hibernate.cfg.Environment - HHH000021: Bytecode provider name : javassist
11:42:25.770 [main] DEBUG org.hibernate.cfg.Configuration - Building session factory using internal StandardServiceRegistryBuilder
11:42:25.851 [main] DEBUG org.hibernate.service.spi.ServiceBinding - Overriding existing service binding [org.hibernate.secure.spi.JaccService]
11:42:25.855 [main] DEBUG org.hibernate.cfg.Configuration - Building session factory using provided StandardServiceRegistry
11:42:25.950 [main] DEBUG org.hibernate.cache.internal.RegionFactoryInitiator - Cache region factory : org.hibernate.cache.internal.NoCachingRegionFactory
11:42:26.035 [main] INFO org.hibernate.annotations.common.Version - HCANN000001: Hibernate Commons Annotations {5.0.1.Final}
11:42:26.193 [main] DEBUG org.hibernate.type.BasicTypeRegistry - Adding type registration boolean -&gt; org.hibernate.type.BooleanType@5852c06f
11:42:26.204 [main] DEBUG org.hibernate.type.BasicTypeRegistry - Adding type registration boolean -&gt; org.hibernate.type.BooleanType@5852c06f
11:42:26.206 [main] DEBUG org.hibernate.type.BasicTypeRegistry - Adding type registration java.lang.Boolean -&gt; org.hibernate.type.BooleanType@5852c06f
11:42:26.212 [main] DEBUG org.hibernate.type.BasicTypeRegistry - Adding type registration numeric_boolean -&gt; org.hibernate.type.NumericBooleanType@376a0d86
11:42:26.219 [main] DEBUG org.hibernate.type.BasicTypeRegistry - Adding type registration true_false -&gt; org.hibernate.type.TrueFalseType@4c2bb6e0
11:42:26.224 [main] DEBUG org.hibernate.type.BasicTypeRegistry - Adding type registration yes_no -&gt; org.hibernate.type.YesNoType@7283d3eb
11:42:26.234 [main] DEBUG org.hibernate.type.BasicTypeRegistry - Adding type registration byte -&gt; org.hibernate.type.ByteType@21d03963
11:42:26.236 [main] DEBUG org.hibernate.type.BasicTypeRegistry - Adding type registration byte -&gt; org.hibernate.type.ByteType@21d03963
11:42:26.238 [main] DEBUG org.hibernate.type.BasicTypeRegistry - Adding type registration java.lang.Byte -&gt; org.hibernate.type.ByteType@21d03963
11:42:26.244 [main] DEBUG org.hibernate.type.BasicTypeRegistry - Adding type registration character -&gt; org.hibernate.type.CharacterType@33f676f6
11:42:26.245 [main] DEBUG org.hibernate.type.BasicTypeRegistry - Adding type registration char -&gt; org.hibernate.type.CharacterType@33f676f6
11:42:26.247 [main] DEBUG org.hibernate.type.BasicTypeRegistry - Adding type registration java.lang.Character -&gt; org.hibernate.type.CharacterType@33f676f6
11:42:26.259 [main] DEBUG org.hibernate.type.BasicTypeRegistry - Adding type registration short -&gt; org.hibernate.type.ShortType@81d9a72
11:42:26.261 [main] DEBUG org.hibernate.type.BasicTypeRegistry - Adding type registration short -&gt; org.hibernate.type.ShortType@81d9a72
11:42:26.262 [main] DEBUG org.hibernate.type.BasicTypeRegistry - Adding type registration java.lang.Short -&gt; org.hibernate.type.ShortType@81d9a72
11:42:26.267 [main] DEBUG org.hibernate.type.BasicTypeRegistry - Adding type registration integer -&gt; org.hibernate.type.IntegerType@70e38ce1
11:42:26.268 [main] DEBUG org.hibernate.type.BasicTypeRegistry - Adding type registration int -&gt; org.hibernate.type.IntegerType@70e38ce1
11:42:26.270 [main] DEBUG org.hibernate.type.BasicTypeRegistry - Adding type registration java.lang.Integer -&gt; org.hibernate.type.IntegerType@70e38ce1
11:42:26.277 [main] DEBUG org.hibernate.type.BasicTypeRegistry - Adding type registration long -&gt; org.hibernate.type.LongType@163370c2
11:42:26.278 [main] DEBUG org.hibernate.type.BasicTypeRegistry - Adding type registration long -&gt; org.hibernate.type.LongType@163370c2
11:42:26.279 [main] DEBUG org.hibernate.type.BasicTypeRegistry - Adding type registration java.lang.Long -&gt; org.hibernate.type.LongType@163370c2
11:42:26.286 [main] DEBUG org.hibernate.type.BasicTypeRegistry - Adding type registration float -&gt; org.hibernate.type.FloatType@51bd8b5c
11:42:26.288 [main] DEBUG org.hibernate.type.BasicTypeRegistry - Adding type registration float -&gt; org.hibernate.type.FloatType@51bd8b5c
11:42:26.288 [main] DEBUG org.hibernate.type.BasicTypeRegistry - Adding type registration java.lang.Float -&gt; org.hibernate.type.FloatType@51bd8b5c
11:42:26.295 [main] DEBUG org.hibernate.type.BasicTypeRegistry - Adding type registration double -&gt; org.hibernate.type.DoubleType@456d6c1e
11:42:26.296 [main] DEBUG org.hibernate.type.BasicTypeRegistry - Adding type registration double -&gt; org.hibernate.type.DoubleType@456d6c1e
11:42:26.297 [main] DEBUG org.hibernate.type.BasicTypeRegistry - Adding type registration java.lang.Double -&gt; org.hibernate.type.DoubleType@456d6c1e
11:42:26.308 [main] DEBUG org.hibernate.type.BasicTypeRegistry - Adding type registration big_decimal -&gt; org.hibernate.type.BigDecimalType@15f47664
11:42:26.309 [main] DEBUG org.hibernate.type.BasicTypeRegistry - Adding type registration java.math.BigDecimal -&gt; org.hibernate.type.BigDecimalType@15f47664
11:42:26.316 [main] DEBUG org.hibernate.type.BasicTypeRegistry - Adding type registration big_integer -&gt; org.hibernate.type.BigIntegerType@a1f72f5
11:42:26.317 [main] DEBUG org.hibernate.type.BasicTypeRegistry - Adding type registration java.math.BigInteger -&gt; org.hibernate.type.BigIntegerType@a1f72f5
11:42:26.322 [main] DEBUG org.hibernate.type.BasicTypeRegistry - Adding type registration string -&gt; org.hibernate.type.StringType@2dc9b0f5
11:42:26.324 [main] DEBUG org.hibernate.type.BasicTypeRegistry - Adding type registration java.lang.String -&gt; org.hibernate.type.StringType@2dc9b0f5
11:42:26.328 [main] DEBUG org.hibernate.type.BasicTypeRegistry - Adding type registration nstring -&gt; org.hibernate.type.StringNVarcharType@56dc1551
11:42:26.332 [main] DEBUG org.hibernate.type.BasicTypeRegistry - Adding type registration ncharacter -&gt; org.hibernate.type.CharacterNCharType@43015c69
11:42:26.338 [main] DEBUG org.hibernate.type.BasicTypeRegistry - Adding type registration url -&gt; org.hibernate.type.UrlType@2415fc55
11:42:26.338 [main] DEBUG org.hibernate.type.BasicTypeRegistry - Adding type registration java.net.URL -&gt; org.hibernate.type.UrlType@2415fc55
11:42:26.348 [main] DEBUG org.hibernate.type.BasicTypeRegistry - Adding type registration date -&gt; org.hibernate.type.DateType@16c069df
11:42:26.351 [main] DEBUG org.hibernate.type.BasicTypeRegistry - Adding type registration java.sql.Date -&gt; org.hibernate.type.DateType@16c069df
11:42:26.361 [main] DEBUG org.hibernate.type.BasicTypeRegistry - Adding type registration time -&gt; org.hibernate.type.TimeType@6950ed69
11:42:26.377 [main] DEBUG org.hibernate.type.BasicTypeRegistry - Adding type registration java.sql.Time -&gt; org.hibernate.type.TimeType@6950ed69
11:42:26.385 [main] DEBUG org.hibernate.type.BasicTypeRegistry - Adding type registration timestamp -&gt; org.hibernate.type.TimestampType@42e25b0b
11:42:26.385 [main] DEBUG org.hibernate.type.BasicTypeRegistry - Adding type registration java.sql.Timestamp -&gt; org.hibernate.type.TimestampType@42e25b0b
11:42:26.387 [main] DEBUG org.hibernate.type.BasicTypeRegistry - Adding type registration java.util.Date -&gt; org.hibernate.type.TimestampType@42e25b0b
11:42:26.396 [main] DEBUG org.hibernate.type.BasicTypeRegistry - Adding type registration dbtimestamp -&gt; org.hibernate.type.DbTimestampType@2205a05d
11:42:26.401 [main] DEBUG org.hibernate.type.BasicTypeRegistry - Adding type registration calendar -&gt; org.hibernate.type.CalendarType@5f20155b
11:42:26.405 [main] DEBUG org.hibernate.type.BasicTypeRegistry - Adding type registration java.util.Calendar -&gt; org.hibernate.type.CalendarType@5f20155b
11:42:26.407 [main] DEBUG org.hibernate.type.BasicTypeRegistry - Adding type registration java.util.GregorianCalendar -&gt; org.hibernate.type.CalendarType@5f20155b
11:42:26.412 [main] DEBUG org.hibernate.type.BasicTypeRegistry - Adding type registration calendar_date -&gt; org.hibernate.type.CalendarDateType@3fce8fd9
11:42:26.446 [main] DEBUG org.hibernate.type.BasicTypeRegistry - Adding type registration locale -&gt; org.hibernate.type.LocaleType@23202fce
11:42:26.448 [main] DEBUG org.hibernate.type.BasicTypeRegistry - Adding type registration java.util.Locale -&gt; org.hibernate.type.LocaleType@23202fce
11:42:26.455 [main] DEBUG org.hibernate.type.BasicTypeRegistry - Adding type registration currency -&gt; org.hibernate.type.CurrencyType@7f284218
11:42:26.457 [main] DEBUG org.hibernate.type.BasicTypeRegistry - Adding type registration java.util.Currency -&gt; org.hibernate.type.CurrencyType@7f284218
11:42:26.462 [main] DEBUG org.hibernate.type.BasicTypeRegistry - Adding type registration timezone -&gt; org.hibernate.type.TimeZoneType@2cb2fc20
11:42:26.463 [main] DEBUG org.hibernate.type.BasicTypeRegistry - Adding type registration java.util.TimeZone -&gt; org.hibernate.type.TimeZoneType@2cb2fc20
11:42:26.485 [main] DEBUG org.hibernate.type.BasicTypeRegistry - Adding type registration class -&gt; org.hibernate.type.ClassType@495ee280
11:42:26.490 [main] DEBUG org.hibernate.type.BasicTypeRegistry - Adding type registration java.lang.Class -&gt; org.hibernate.type.ClassType@495ee280
11:42:26.499 [main] DEBUG org.hibernate.type.BasicTypeRegistry - Adding type registration uuid-binary -&gt; org.hibernate.type.UUIDBinaryType@748741cb
11:42:26.500 [main] DEBUG org.hibernate.type.BasicTypeRegistry - Adding type registration java.util.UUID -&gt; org.hibernate.type.UUIDBinaryType@748741cb
11:42:26.505 [main] DEBUG org.hibernate.type.BasicTypeRegistry - Adding type registration uuid-char -&gt; org.hibernate.type.UUIDCharType@1130520d
11:42:26.511 [main] DEBUG org.hibernate.type.BasicTypeRegistry - Adding type registration binary -&gt; org.hibernate.type.BinaryType@7a3793c7
11:42:26.512 [main] DEBUG org.hibernate.type.BasicTypeRegistry - Adding type registration byte[] -&gt; org.hibernate.type.BinaryType@7a3793c7
11:42:26.513 [main] DEBUG org.hibernate.type.BasicTypeRegistry - Adding type registration [B -&gt; org.hibernate.type.BinaryType@7a3793c7
11:42:26.519 [main] DEBUG org.hibernate.type.BasicTypeRegistry - Adding type registration wrapper-binary -&gt; org.hibernate.type.WrapperBinaryType@5456afaa
11:42:26.520 [main] DEBUG org.hibernate.type.BasicTypeRegistry - Adding type registration Byte[] -&gt; org.hibernate.type.WrapperBinaryType@5456afaa
11:42:26.521 [main] DEBUG org.hibernate.type.BasicTypeRegistry - Adding type registration [Ljava.lang.Byte; -&gt; org.hibernate.type.WrapperBinaryType@5456afaa
11:42:26.526 [main] DEBUG org.hibernate.type.BasicTypeRegistry - Adding type registration image -&gt; org.hibernate.type.ImageType@4a00d9cf
11:42:26.531 [main] DEBUG org.hibernate.type.BasicTypeRegistry - Adding type registration characters -&gt; org.hibernate.type.CharArrayType@4c012563
11:42:26.533 [main] DEBUG org.hibernate.type.BasicTypeRegistry - Adding type registration char[] -&gt; org.hibernate.type.CharArrayType@4c012563
11:42:26.534 [main] DEBUG org.hibernate.type.BasicTypeRegistry - Adding type registration [C -&gt; org.hibernate.type.CharArrayType@4c012563
11:42:26.539 [main] DEBUG org.hibernate.type.BasicTypeRegistry - Adding type registration wrapper-characters -&gt; org.hibernate.type.CharacterArrayType@329dbdbf
11:42:26.540 [main] DEBUG org.hibernate.type.BasicTypeRegistry - Adding type registration [Ljava.lang.Character; -&gt; org.hibernate.type.CharacterArrayType@329dbdbf
11:42:26.543 [main] DEBUG org.hibernate.type.BasicTypeRegistry - Adding type registration Character[] -&gt; org.hibernate.type.CharacterArrayType@329dbdbf
11:42:26.549 [main] DEBUG org.hibernate.type.BasicTypeRegistry - Adding type registration text -&gt; org.hibernate.type.TextType@479cbee5
11:42:26.554 [main] DEBUG org.hibernate.type.BasicTypeRegistry - Adding type registration ntext -&gt; org.hibernate.type.NTextType@12299890
11:42:26.591 [main] DEBUG org.hibernate.type.BasicTypeRegistry - Adding type registration blob -&gt; org.hibernate.type.BlobType@1787bc24
11:42:26.592 [main] DEBUG org.hibernate.type.BasicTypeRegistry - Adding type registration java.sql.Blob -&gt; org.hibernate.type.BlobType@1787bc24
11:42:26.595 [main] DEBUG org.hibernate.type.BasicTypeRegistry - Adding type registration materialized_blob -&gt; org.hibernate.type.MaterializedBlobType@53b7f657
11:42:26.638 [main] DEBUG org.hibernate.type.BasicTypeRegistry - Adding type registration clob -&gt; org.hibernate.type.ClobType@6986852
11:42:26.639 [main] DEBUG org.hibernate.type.BasicTypeRegistry - Adding type registration java.sql.Clob -&gt; org.hibernate.type.ClobType@6986852
11:42:26.655 [main] DEBUG org.hibernate.type.BasicTypeRegistry - Adding type registration nclob -&gt; org.hibernate.type.NClobType@135606db
11:42:26.655 [main] DEBUG org.hibernate.type.BasicTypeRegistry - Adding type registration java.sql.NClob -&gt; org.hibernate.type.NClobType@135606db
11:42:26.658 [main] DEBUG org.hibernate.type.BasicTypeRegistry - Adding type registration materialized_clob -&gt; org.hibernate.type.MaterializedClobType@4f74980d
11:42:26.661 [main] DEBUG org.hibernate.type.BasicTypeRegistry - Adding type registration materialized_nclob -&gt; org.hibernate.type.MaterializedNClobType@2a3888c1
11:42:26.667 [main] DEBUG org.hibernate.type.BasicTypeRegistry - Adding type registration serializable -&gt; org.hibernate.type.SerializableType@1722011b
11:42:26.703 [main] DEBUG org.hibernate.type.BasicTypeRegistry - Adding type registration object -&gt; org.hibernate.type.ObjectType@7c51f34b
11:42:26.705 [main] DEBUG org.hibernate.type.BasicTypeRegistry - Adding type registration java.lang.Object -&gt; org.hibernate.type.ObjectType@7c51f34b
11:42:26.708 [main] DEBUG org.hibernate.type.BasicTypeRegistry - Adding type registration imm_date -&gt; org.hibernate.type.AdaptedImmutableType@61eaec38
11:42:26.722 [main] DEBUG org.hibernate.type.BasicTypeRegistry - Adding type registration imm_time -&gt; org.hibernate.type.AdaptedImmutableType@125290e5
11:42:26.724 [main] DEBUG org.hibernate.type.BasicTypeRegistry - Adding type registration imm_timestamp -&gt; org.hibernate.type.AdaptedImmutableType@6fa34d52
11:42:26.724 [main] DEBUG org.hibernate.type.BasicTypeRegistry - Adding type registration imm_dbtimestamp -&gt; org.hibernate.type.AdaptedImmutableType@57576994
11:42:26.726 [main] DEBUG org.hibernate.type.BasicTypeRegistry - Adding type registration imm_calendar -&gt; org.hibernate.type.AdaptedImmutableType@616ac46a
11:42:26.733 [main] DEBUG org.hibernate.type.BasicTypeRegistry - Adding type registration imm_calendar_date -&gt; org.hibernate.type.AdaptedImmutableType@67b9b51a
11:42:26.739 [main] DEBUG org.hibernate.type.BasicTypeRegistry - Adding type registration imm_binary -&gt; org.hibernate.type.AdaptedImmutableType@1205bd62
11:42:26.740 [main] DEBUG org.hibernate.type.BasicTypeRegistry - Adding type registration imm_serializable -&gt; org.hibernate.type.AdaptedImmutableType@7ef27d7f
11:42:27.093 [main] DEBUG org.hibernate.engine.jdbc.env.internal.JdbcEnvironmentInitiator - Database -&gt;
       name : H2
    version : 1.4.191 (2016-01-21)
      major : 1
      minor : 4
11:42:27.094 [main] DEBUG org.hibernate.engine.jdbc.env.internal.JdbcEnvironmentInitiator - Driver -&gt;
       name : H2 JDBC Driver
    version : 1.4.191 (2016-01-21)
      major : 1
      minor : 4
11:42:27.095 [main] DEBUG org.hibernate.engine.jdbc.env.internal.JdbcEnvironmentInitiator - JDBC version : 4.0
11:42:27.158 [main] INFO org.hibernate.dialect.Dialect - HHH000400: Using dialect: org.hibernate.dialect.H2Dialect
11:42:27.262 [main] DEBUG org.hibernate.engine.jdbc.cursor.internal.StandardRefCursorSupport - Unexpected error trying to gauge level of JDBC REF_CURSOR support : null
11:42:28.062 [main] DEBUG org.hibernate.id.factory.internal.DefaultIdentifierGeneratorFactory - Registering IdentifierGenerator strategy [uuid2] -&gt; [org.hibernate.id.UUIDGenerator]
11:42:28.064 [main] DEBUG org.hibernate.id.factory.internal.DefaultIdentifierGeneratorFactory - Registering IdentifierGenerator strategy [guid] -&gt; [org.hibernate.id.GUIDGenerator]
11:42:28.069 [main] DEBUG org.hibernate.id.factory.internal.DefaultIdentifierGeneratorFactory - Registering IdentifierGenerator strategy [uuid] -&gt; [org.hibernate.id.UUIDHexGenerator]
11:42:28.071 [main] DEBUG org.hibernate.id.factory.internal.DefaultIdentifierGeneratorFactory - Registering IdentifierGenerator strategy [uuid.hex] -&gt; [org.hibernate.id.UUIDHexGenerator]
11:42:28.072 [main] DEBUG org.hibernate.id.factory.internal.DefaultIdentifierGeneratorFactory - Registering IdentifierGenerator strategy [assigned] -&gt; [org.hibernate.id.Assigned]
11:42:28.077 [main] DEBUG org.hibernate.id.factory.internal.DefaultIdentifierGeneratorFactory - Registering IdentifierGenerator strategy [identity] -&gt; [org.hibernate.id.IdentityGenerator]
11:42:28.079 [main] DEBUG org.hibernate.id.factory.internal.DefaultIdentifierGeneratorFactory - Registering IdentifierGenerator strategy [select] -&gt; [org.hibernate.id.SelectGenerator]
11:42:28.084 [main] DEBUG org.hibernate.id.factory.internal.DefaultIdentifierGeneratorFactory - Registering IdentifierGenerator strategy [sequence] -&gt; [org.hibernate.id.enhanced.SequenceStyleGenerator]
11:42:28.088 [main] DEBUG org.hibernate.id.factory.internal.DefaultIdentifierGeneratorFactory - Registering IdentifierGenerator strategy [seqhilo] -&gt; [org.hibernate.id.SequenceHiLoGenerator]
11:42:28.090 [main] DEBUG org.hibernate.id.factory.internal.DefaultIdentifierGeneratorFactory - Registering IdentifierGenerator strategy [increment] -&gt; [org.hibernate.id.IncrementGenerator]
11:42:28.092 [main] DEBUG org.hibernate.id.factory.internal.DefaultIdentifierGeneratorFactory - Registering IdentifierGenerator strategy [foreign] -&gt; [org.hibernate.id.ForeignGenerator]
11:42:28.094 [main] DEBUG org.hibernate.id.factory.internal.DefaultIdentifierGeneratorFactory - Registering IdentifierGenerator strategy [sequence-identity] -&gt; [org.hibernate.id.SequenceIdentityGenerator]
11:42:28.095 [main] DEBUG org.hibernate.id.factory.internal.DefaultIdentifierGeneratorFactory - Registering IdentifierGenerator strategy [enhanced-sequence] -&gt; [org.hibernate.id.enhanced.SequenceStyleGenerator]
11:42:28.099 [main] DEBUG org.hibernate.id.factory.internal.DefaultIdentifierGeneratorFactory - Registering IdentifierGenerator strategy [enhanced-table] -&gt; [org.hibernate.id.enhanced.TableGenerator]
11:42:28.351 [main] DEBUG org.hibernate.boot.model.relational.Namespace - Created database namespace [logicalName=Name{catalog=null, schema=null}, physicalName=Name{catalog=null, schema=null}]
11:42:28.552 [main] DEBUG org.hibernate.cfg.AnnotationBinder - Binding entity from annotated class: com.niit.model.User
11:42:28.666 [main] DEBUG org.hibernate.cfg.Ejb3Column - Binding column: Ejb3DiscriminatorColumn{logicalColumnName&apos;DTYPE&apos;, discriminatorTypeName=&apos;string&apos;}
11:42:28.708 [main] DEBUG org.hibernate.cfg.annotations.EntityBinder - Import with entity name User
11:42:28.735 [main] DEBUG org.hibernate.cfg.annotations.EntityBinder - Bind entity com.niit.model.User on table User
11:42:28.847 [main] DEBUG org.hibernate.cfg.Ejb3Column - Binding column: Ejb3Column{table=org.hibernate.mapping.Table(User), mappingColumn=userid, insertable=true, updatable=true, unique=false}
11:42:28.861 [main] DEBUG org.hibernate.cfg.annotations.PropertyBinder - MetadataSourceProcessor property userid with lazy=false
11:42:28.870 [main] DEBUG org.hibernate.cfg.AbstractPropertyHolder - Attempting to locate auto-apply AttributeConverter for property [com.niit.model.User:userid]
11:42:28.876 [main] DEBUG org.hibernate.cfg.annotations.SimpleValueBinder - building SimpleValue for userid
11:42:28.885 [main] DEBUG org.hibernate.cfg.annotations.PropertyBinder - Building property userid
11:42:28.897 [main] DEBUG org.hibernate.cfg.Ejb3Column - Binding column: Ejb3Column{table=org.hibernate.mapping.Table(User), mappingColumn=email, insertable=true, updatable=true, unique=false}
11:42:28.899 [main] DEBUG org.hibernate.cfg.annotations.PropertyBinder - MetadataSourceProcessor property email with lazy=false
11:42:28.900 [main] DEBUG org.hibernate.cfg.AbstractPropertyHolder - Attempting to locate auto-apply AttributeConverter for property [com.niit.model.User:email]
11:42:28.900 [main] DEBUG org.hibernate.cfg.annotations.SimpleValueBinder - building SimpleValue for email
11:42:28.901 [main] DEBUG org.hibernate.cfg.annotations.PropertyBinder - Building property email
11:42:28.902 [main] DEBUG org.hibernate.cfg.Ejb3Column - Binding column: Ejb3Column{table=org.hibernate.mapping.Table(User), mappingColumn=enabled, insertable=true, updatable=true, unique=false}
11:42:28.903 [main] DEBUG org.hibernate.cfg.annotations.PropertyBinder - MetadataSourceProcessor property enabled with lazy=false
11:42:28.904 [main] DEBUG org.hibernate.cfg.AbstractPropertyHolder - Attempting to locate auto-apply AttributeConverter for property [com.niit.model.User:enabled]
11:42:28.905 [main] DEBUG org.hibernate.cfg.annotations.SimpleValueBinder - building SimpleValue for enabled
11:42:28.906 [main] DEBUG org.hibernate.cfg.annotations.PropertyBinder - Building property enabled
11:42:28.907 [main] DEBUG org.hibernate.cfg.Ejb3Column - Binding column: Ejb3Column{table=org.hibernate.mapping.Table(User), mappingColumn=firstname, insertable=true, updatable=true, unique=false}
11:42:28.909 [main] DEBUG org.hibernate.cfg.annotations.PropertyBinder - MetadataSourceProcessor property firstname with lazy=false
11:42:28.910 [main] DEBUG org.hibernate.cfg.AbstractPropertyHolder - Attempting to locate auto-apply AttributeConverter for property [com.niit.model.User:firstname]
11:42:28.911 [main] DEBUG org.hibernate.cfg.annotations.SimpleValueBinder - building SimpleValue for firstname
11:42:28.912 [main] DEBUG org.hibernate.cfg.annotations.PropertyBinder - Building property firstname
11:42:28.913 [main] DEBUG org.hibernate.cfg.Ejb3Column - Binding column: Ejb3Column{table=org.hibernate.mapping.Table(User), mappingColumn=mobile, insertable=true, updatable=true, unique=false}
11:42:28.914 [main] DEBUG org.hibernate.cfg.annotations.PropertyBinder - MetadataSourceProcessor property mobile with lazy=false
11:42:28.916 [main] DEBUG org.hibernate.cfg.AbstractPropertyHolder - Attempting to locate auto-apply AttributeConverter for property [com.niit.model.User:mobile]
11:42:28.918 [main] DEBUG org.hibernate.cfg.annotations.SimpleValueBinder - building SimpleValue for mobile
11:42:28.919 [main] DEBUG org.hibernate.cfg.annotations.PropertyBinder - Building property mobile
11:42:28.922 [main] DEBUG org.hibernate.cfg.Ejb3Column - Binding column: Ejb3Column{table=org.hibernate.mapping.Table(User), mappingColumn=password, insertable=true, updatable=true, unique=false}
11:42:28.924 [main] DEBUG org.hibernate.cfg.annotations.PropertyBinder - MetadataSourceProcessor property password with lazy=false
11:42:28.925 [main] DEBUG org.hibernate.cfg.AbstractPropertyHolder - Attempting to locate auto-apply AttributeConverter for property [com.niit.model.User:password]
11:42:28.925 [main] DEBUG org.hibernate.cfg.annotations.SimpleValueBinder - building SimpleValue for password
11:42:28.926 [main] DEBUG org.hibernate.cfg.annotations.PropertyBinder - Building property password
11:42:28.928 [main] DEBUG org.hibernate.cfg.Ejb3Column - Binding column: Ejb3Column{table=org.hibernate.mapping.Table(User), mappingColumn=role, insertable=true, updatable=true, unique=false}
11:42:28.930 [main] DEBUG org.hibernate.cfg.annotations.PropertyBinder - MetadataSourceProcessor property role with lazy=false
11:42:28.931 [main] DEBUG org.hibernate.cfg.AbstractPropertyHolder - Attempting to locate auto-apply AttributeConverter for property [com.niit.model.User:role]
11:42:28.933 [main] DEBUG org.hibernate.cfg.annotations.SimpleValueBinder - building SimpleValue for role
11:42:28.934 [main] DEBUG org.hibernate.cfg.annotations.PropertyBinder - Building property role
11:42:28.937 [main] DEBUG org.hibernate.cfg.Ejb3Column - Binding column: Ejb3Column{table=org.hibernate.mapping.Table(User), mappingColumn=username, insertable=true, updatable=true, unique=false}
11:42:28.940 [main] DEBUG org.hibernate.cfg.annotations.PropertyBinder - MetadataSourceProcessor property username with lazy=false
11:42:28.941 [main] DEBUG org.hibernate.cfg.AbstractPropertyHolder - Attempting to locate auto-apply AttributeConverter for property [com.niit.model.User:username]
11:42:28.942 [main] DEBUG org.hibernate.cfg.annotations.SimpleValueBinder - building SimpleValue for username
11:42:28.944 [main] DEBUG org.hibernate.cfg.annotations.PropertyBinder - Building property username
11:42:28.951 [main] DEBUG org.hibernate.cfg.AnnotationBinder - Binding entity from annotated class: com.niit.model.Category
11:42:28.952 [main] DEBUG org.hibernate.cfg.Ejb3Column - Binding column: Ejb3DiscriminatorColumn{logicalColumnName&apos;DTYPE&apos;, discriminatorTypeName=&apos;string&apos;}
11:42:28.956 [main] DEBUG org.hibernate.cfg.annotations.EntityBinder - Import with entity name Category
11:42:28.959 [main] DEBUG org.hibernate.cfg.annotations.EntityBinder - Bind entity com.niit.model.Category on table Category
11:42:29.081 [main] DEBUG org.hibernate.cfg.Ejb3Column - Binding column: Ejb3Column{table=org.hibernate.mapping.Table(Category), mappingColumn=categoryid, insertable=true, updatable=true, unique=false}
11:42:29.082 [main] DEBUG org.hibernate.cfg.annotations.PropertyBinder - MetadataSourceProcessor property categoryid with lazy=false
11:42:29.084 [main] DEBUG org.hibernate.cfg.AbstractPropertyHolder - Attempting to locate auto-apply AttributeConverter for property [com.niit.model.Category:categoryid]
11:42:29.085 [main] DEBUG org.hibernate.cfg.annotations.SimpleValueBinder - building SimpleValue for categoryid
11:42:29.087 [main] DEBUG org.hibernate.cfg.annotations.PropertyBinder - Building property categoryid
11:42:29.116 [main] DEBUG org.hibernate.cfg.Ejb3Column - Binding column: Ejb3Column{table=org.hibernate.mapping.Table(Category), mappingColumn=categorydescription, insertable=true, updatable=true, unique=false}
11:42:29.117 [main] DEBUG org.hibernate.cfg.annotations.PropertyBinder - MetadataSourceProcessor property categorydescription with lazy=false
11:42:29.118 [main] DEBUG org.hibernate.cfg.AbstractPropertyHolder - Attempting to locate auto-apply AttributeConverter for property [com.niit.model.Category:categorydescription]
11:42:29.121 [main] DEBUG org.hibernate.cfg.annotations.SimpleValueBinder - building SimpleValue for categorydescription
11:42:29.122 [main] DEBUG org.hibernate.cfg.annotations.PropertyBinder - Building property categorydescription
11:42:29.124 [main] DEBUG org.hibernate.cfg.Ejb3Column - Binding column: Ejb3Column{table=org.hibernate.mapping.Table(Category), mappingColumn=categoryname, insertable=true, updatable=true, unique=false}
11:42:29.125 [main] DEBUG org.hibernate.cfg.annotations.PropertyBinder - MetadataSourceProcessor property categoryname with lazy=false
11:42:29.129 [main] DEBUG org.hibernate.cfg.AbstractPropertyHolder - Attempting to locate auto-apply AttributeConverter for property [com.niit.model.Category:categoryname]
11:42:29.132 [main] DEBUG org.hibernate.cfg.annotations.SimpleValueBinder - building SimpleValue for categoryname
11:42:29.133 [main] DEBUG org.hibernate.cfg.annotations.PropertyBinder - Building property categoryname
11:42:29.142 [main] DEBUG org.hibernate.cfg.AnnotationBinder - Binding entity from annotated class: com.niit.model.Supplier
11:42:29.145 [main] DEBUG org.hibernate.cfg.Ejb3Column - Binding column: Ejb3DiscriminatorColumn{logicalColumnName&apos;DTYPE&apos;, discriminatorTypeName=&apos;string&apos;}
11:42:29.153 [main] DEBUG org.hibernate.cfg.annotations.EntityBinder - Import with entity name Supplier
11:42:29.156 [main] DEBUG org.hibernate.cfg.annotations.EntityBinder - Bind entity com.niit.model.Supplier on table Supplier
11:42:29.159 [main] DEBUG org.hibernate.cfg.Ejb3Column - Binding column: Ejb3Column{table=org.hibernate.mapping.Table(Supplier), mappingColumn=supplierid, insertable=true, updatable=true, unique=false}
11:42:29.161 [main] DEBUG org.hibernate.cfg.annotations.PropertyBinder - MetadataSourceProcessor property supplierid with lazy=false
11:42:29.162 [main] DEBUG org.hibernate.cfg.AbstractPropertyHolder - Attempting to locate auto-apply AttributeConverter for property [com.niit.model.Supplier:supplierid]
11:42:29.163 [main] DEBUG org.hibernate.cfg.annotations.SimpleValueBinder - building SimpleValue for supplierid
11:42:29.164 [main] DEBUG org.hibernate.cfg.annotations.PropertyBinder - Building property supplierid
11:42:29.167 [main] DEBUG org.hibernate.cfg.Ejb3Column - Binding column: Ejb3Column{table=org.hibernate.mapping.Table(Supplier), mappingColumn=supplieraddress, insertable=true, updatable=true, unique=false}
11:42:29.168 [main] DEBUG org.hibernate.cfg.annotations.PropertyBinder - MetadataSourceProcessor property supplieraddress with lazy=false
11:42:29.172 [main] DEBUG org.hibernate.cfg.AbstractPropertyHolder - Attempting to locate auto-apply AttributeConverter for property [com.niit.model.Supplier:supplieraddress]
11:42:29.173 [main] DEBUG org.hibernate.cfg.annotations.SimpleValueBinder - building SimpleValue for supplieraddress
11:42:29.174 [main] DEBUG org.hibernate.cfg.annotations.PropertyBinder - Building property supplieraddress
11:42:29.180 [main] DEBUG org.hibernate.cfg.Ejb3Column - Binding column: Ejb3Column{table=org.hibernate.mapping.Table(Supplier), mappingColumn=suppliername, insertable=true, updatable=true, unique=false}
11:42:29.201 [main] DEBUG org.hibernate.cfg.annotations.PropertyBinder - MetadataSourceProcessor property suppliername with lazy=false
11:42:29.208 [main] DEBUG org.hibernate.cfg.AbstractPropertyHolder - Attempting to locate auto-apply AttributeConverter for property [com.niit.model.Supplier:suppliername]
11:42:29.209 [main] DEBUG org.hibernate.cfg.annotations.SimpleValueBinder - building SimpleValue for suppliername
11:42:29.210 [main] DEBUG org.hibernate.cfg.annotations.PropertyBinder - Building property suppliername
11:42:29.210 [main] DEBUG org.hibernate.cfg.AnnotationBinder - Binding entity from annotated class: com.niit.model.Product
11:42:29.211 [main] DEBUG org.hibernate.cfg.Ejb3Column - Binding column: Ejb3DiscriminatorColumn{logicalColumnName&apos;DTYPE&apos;, discriminatorTypeName=&apos;string&apos;}
11:42:29.212 [main] DEBUG org.hibernate.cfg.annotations.EntityBinder - Import with entity name Product
11:42:29.213 [main] DEBUG org.hibernate.cfg.annotations.EntityBinder - Bind entity com.niit.model.Product on table Product
11:42:29.228 [main] DEBUG org.hibernate.cfg.Ejb3Column - Binding column: Ejb3Column{table=org.hibernate.mapping.Table(Product), mappingColumn=productid, insertable=true, updatable=true, unique=false}
11:42:29.229 [main] DEBUG org.hibernate.cfg.annotations.PropertyBinder - MetadataSourceProcessor property productid with lazy=false
11:42:29.231 [main] DEBUG org.hibernate.cfg.AbstractPropertyHolder - Attempting to locate auto-apply AttributeConverter for property [com.niit.model.Product:productid]
11:42:29.232 [main] DEBUG org.hibernate.cfg.annotations.SimpleValueBinder - building SimpleValue for productid
11:42:29.233 [main] DEBUG org.hibernate.cfg.annotations.PropertyBinder - Building property productid
11:42:29.234 [main] DEBUG org.hibernate.cfg.Ejb3Column - Binding column: Ejb3Column{table=org.hibernate.mapping.Table(Product), mappingColumn=categoryid, insertable=true, updatable=true, unique=false}
11:42:29.235 [main] DEBUG org.hibernate.cfg.annotations.PropertyBinder - MetadataSourceProcessor property categoryid with lazy=false
11:42:29.236 [main] DEBUG org.hibernate.cfg.AbstractPropertyHolder - Attempting to locate auto-apply AttributeConverter for property [com.niit.model.Product:categoryid]
11:42:29.237 [main] DEBUG org.hibernate.cfg.annotations.SimpleValueBinder - building SimpleValue for categoryid
11:42:29.238 [main] DEBUG org.hibernate.cfg.annotations.PropertyBinder - Building property categoryid
11:42:29.239 [main] DEBUG org.hibernate.cfg.Ejb3Column - Binding column: Ejb3Column{table=org.hibernate.mapping.Table(Product), mappingColumn=productdescription, insertable=true, updatable=true, unique=false}
11:42:29.241 [main] DEBUG org.hibernate.cfg.annotations.PropertyBinder - MetadataSourceProcessor property productdescription with lazy=false
11:42:29.242 [main] DEBUG org.hibernate.cfg.AbstractPropertyHolder - Attempting to locate auto-apply AttributeConverter for property [com.niit.model.Product:productdescription]
11:42:29.242 [main] DEBUG org.hibernate.cfg.annotations.SimpleValueBinder - building SimpleValue for productdescription
11:42:29.243 [main] DEBUG org.hibernate.cfg.annotations.PropertyBinder - Building property productdescription
11:42:29.244 [main] DEBUG org.hibernate.cfg.Ejb3Column - Binding column: Ejb3Column{table=org.hibernate.mapping.Table(Product), mappingColumn=productname, insertable=true, updatable=true, unique=false}
11:42:29.245 [main] DEBUG org.hibernate.cfg.annotations.PropertyBinder - MetadataSourceProcessor property productname with lazy=false
11:42:29.247 [main] DEBUG org.hibernate.cfg.AbstractPropertyHolder - Attempting to locate auto-apply AttributeConverter for property [com.niit.model.Product:productname]
11:42:29.248 [main] DEBUG org.hibernate.cfg.annotations.SimpleValueBinder - building SimpleValue for productname
11:42:29.250 [main] DEBUG org.hibernate.cfg.annotations.PropertyBinder - Building property productname
11:42:29.252 [main] DEBUG org.hibernate.cfg.Ejb3Column - Binding column: Ejb3Column{table=org.hibernate.mapping.Table(Product), mappingColumn=productprice, insertable=true, updatable=true, unique=false}
11:42:29.253 [main] DEBUG org.hibernate.cfg.annotations.PropertyBinder - MetadataSourceProcessor property productprice with lazy=false
11:42:29.254 [main] DEBUG org.hibernate.cfg.AbstractPropertyHolder - Attempting to locate auto-apply AttributeConverter for property [com.niit.model.Product:productprice]
11:42:29.257 [main] DEBUG org.hibernate.cfg.annotations.SimpleValueBinder - building SimpleValue for productprice
11:42:29.258 [main] DEBUG org.hibernate.cfg.annotations.PropertyBinder - Building property productprice
11:42:29.260 [main] DEBUG org.hibernate.cfg.Ejb3Column - Binding column: Ejb3Column{table=org.hibernate.mapping.Table(Product), mappingColumn=quantity, insertable=true, updatable=true, unique=false}
11:42:29.261 [main] DEBUG org.hibernate.cfg.annotations.PropertyBinder - MetadataSourceProcessor property quantity with lazy=false
11:42:29.262 [main] DEBUG org.hibernate.cfg.AbstractPropertyHolder - Attempting to locate auto-apply AttributeConverter for property [com.niit.model.Product:quantity]
11:42:29.263 [main] DEBUG org.hibernate.cfg.annotations.SimpleValueBinder - building SimpleValue for quantity
11:42:29.265 [main] DEBUG org.hibernate.cfg.annotations.PropertyBinder - Building property quantity
11:42:29.268 [main] DEBUG org.hibernate.cfg.Ejb3Column - Binding column: Ejb3Column{table=org.hibernate.mapping.Table(Product), mappingColumn=supplierid, insertable=true, updatable=true, unique=false}
11:42:29.269 [main] DEBUG org.hibernate.cfg.annotations.PropertyBinder - MetadataSourceProcessor property supplierid with lazy=false
11:42:29.271 [main] DEBUG org.hibernate.cfg.AbstractPropertyHolder - Attempting to locate auto-apply AttributeConverter for property [com.niit.model.Product:supplierid]
11:42:29.271 [main] DEBUG org.hibernate.cfg.annotations.SimpleValueBinder - building SimpleValue for supplierid
11:42:29.271 [main] DEBUG org.hibernate.cfg.annotations.PropertyBinder - Building property supplierid
11:42:29.274 [main] DEBUG org.hibernate.cfg.annotations.SimpleValueBinder - Starting fillSimpleValue for userid
11:42:29.275 [main] DEBUG org.hibernate.cfg.annotations.SimpleValueBinder - Starting fillSimpleValue for email
11:42:29.276 [main] DEBUG org.hibernate.cfg.annotations.SimpleValueBinder - Starting fillSimpleValue for enabled
11:42:29.277 [main] DEBUG org.hibernate.cfg.annotations.SimpleValueBinder - Starting fillSimpleValue for firstname
11:42:29.278 [main] DEBUG org.hibernate.cfg.annotations.SimpleValueBinder - Starting fillSimpleValue for mobile
11:42:29.278 [main] DEBUG org.hibernate.cfg.annotations.SimpleValueBinder - Starting fillSimpleValue for password
11:42:29.281 [main] DEBUG org.hibernate.cfg.annotations.SimpleValueBinder - Starting fillSimpleValue for role
11:42:29.284 [main] DEBUG org.hibernate.cfg.annotations.SimpleValueBinder - Starting fillSimpleValue for username
11:42:29.285 [main] DEBUG org.hibernate.cfg.annotations.SimpleValueBinder - Starting fillSimpleValue for categoryid
11:42:29.286 [main] DEBUG org.hibernate.cfg.annotations.SimpleValueBinder - Starting fillSimpleValue for categorydescription
11:42:29.288 [main] DEBUG org.hibernate.cfg.annotations.SimpleValueBinder - Starting fillSimpleValue for categoryname
11:42:29.296 [main] DEBUG org.hibernate.cfg.annotations.SimpleValueBinder - Starting fillSimpleValue for supplierid
11:42:29.298 [main] DEBUG org.hibernate.cfg.annotations.SimpleValueBinder - Starting fillSimpleValue for supplieraddress
11:42:29.299 [main] DEBUG org.hibernate.cfg.annotations.SimpleValueBinder - Starting fillSimpleValue for suppliername
11:42:29.300 [main] DEBUG org.hibernate.cfg.annotations.SimpleValueBinder - Starting fillSimpleValue for productid
11:42:29.310 [main] DEBUG org.hibernate.cfg.annotations.SimpleValueBinder - Starting fillSimpleValue for categoryid
11:42:29.311 [main] DEBUG org.hibernate.cfg.annotations.SimpleValueBinder - Starting fillSimpleValue for productdescription
11:42:29.312 [main] DEBUG org.hibernate.cfg.annotations.SimpleValueBinder - Starting fillSimpleValue for productname
11:42:29.314 [main] DEBUG org.hibernate.cfg.annotations.SimpleValueBinder - Starting fillSimpleValue for productprice
11:42:29.318 [main] DEBUG org.hibernate.cfg.annotations.SimpleValueBinder - Starting fillSimpleValue for quantity
11:42:29.322 [main] DEBUG org.hibernate.cfg.annotations.SimpleValueBinder - Starting fillSimpleValue for supplierid
11:42:29.328 [main] DEBUG org.hibernate.mapping.PrimaryKey - Forcing column [userid] to be non-null as it is part of the primary key for table [user]
11:42:29.330 [main] DEBUG org.hibernate.mapping.PrimaryKey - Forcing column [categoryid] to be non-null as it is part of the primary key for table [category]
11:42:29.331 [main] DEBUG org.hibernate.mapping.PrimaryKey - Forcing column [supplierid] to be non-null as it is part of the primary key for table [supplier]
11:42:29.332 [main] DEBUG org.hibernate.mapping.PrimaryKey - Forcing column [productid] to be non-null as it is part of the primary key for table [product]
11:42:29.456 [main] DEBUG org.hibernate.internal.SessionFactoryImpl - Building session factory
11:42:29.461 [main] DEBUG org.hibernate.cfg.Settings - SessionFactory name : null
11:42:29.471 [main] DEBUG org.hibernate.cfg.Settings - Automatic flush during beforeCompletion(): disabled
11:42:29.472 [main] DEBUG org.hibernate.cfg.Settings - Automatic session close at end of transaction: disabled
11:42:29.473 [main] DEBUG org.hibernate.cfg.Settings - Statistics: disabled
11:42:29.474 [main] DEBUG org.hibernate.cfg.Settings - Deleted entity synthetic identifier rollback: disabled
11:42:29.476 [main] DEBUG org.hibernate.cfg.Settings - Default entity-mode: pojo
11:42:29.477 [main] DEBUG org.hibernate.cfg.Settings - Check Nullability in Core (should be disabled when Bean Validation is on): enabled
11:42:29.478 [main] DEBUG org.hibernate.cfg.Settings - Allow initialization of lazy state outside session : disabled
11:42:29.479 [main] DEBUG org.hibernate.cfg.Settings - Using BatchFetchStyle : LEGACY
11:42:29.480 [main] DEBUG org.hibernate.cfg.Settings - Default batch fetch size: -1
11:42:29.481 [main] DEBUG org.hibernate.cfg.Settings - Maximum outer join fetch depth: null
11:42:29.482 [main] DEBUG org.hibernate.cfg.Settings - Default null ordering: NONE
11:42:29.483 [main] DEBUG org.hibernate.cfg.Settings - Order SQL updates by primary key: disabled
11:42:29.483 [main] DEBUG org.hibernate.cfg.Settings - Order SQL inserts for batching: disabled
11:42:29.483 [main] DEBUG org.hibernate.cfg.Settings - multi-tenancy strategy : NONE
11:42:29.484 [main] DEBUG org.hibernate.cfg.Settings - JTA Track by Thread: enabled
11:42:29.484 [main] DEBUG org.hibernate.cfg.Settings - Query language substitutions: {}
11:42:29.484 [main] DEBUG org.hibernate.cfg.Settings - JPA query language strict compliance: disabled
11:42:29.485 [main] DEBUG org.hibernate.cfg.Settings - Named query checking : enabled
11:42:29.485 [main] DEBUG org.hibernate.cfg.Settings - Second-level cache: enabled
11:42:29.486 [main] DEBUG org.hibernate.cfg.Settings - Second-level query cache: disabled
11:42:29.489 [main] DEBUG org.hibernate.cfg.Settings - Second-level query cache factory: org.hibernate.cache.internal.StandardQueryCacheFactory@4bff1903
11:42:29.490 [main] DEBUG org.hibernate.cfg.Settings - Second-level cache region prefix: null
11:42:29.491 [main] DEBUG org.hibernate.cfg.Settings - Optimize second-level cache for minimal puts: disabled
11:42:29.531 [main] DEBUG org.hibernate.cfg.Settings - Structured second-level cache entries: disabled
11:42:29.532 [main] DEBUG org.hibernate.cfg.Settings - Second-level cache direct-reference entries: disabled
11:42:29.533 [main] DEBUG org.hibernate.cfg.Settings - Automatic eviction of collection cache: disabled
11:42:29.534 [main] DEBUG org.hibernate.cfg.Settings - JDBC batch size: 15
11:42:29.535 [main] DEBUG org.hibernate.cfg.Settings - JDBC batch updates for versioned data: enabled
11:42:29.539 [main] DEBUG org.hibernate.cfg.Settings - Scrollable result sets: enabled
11:42:29.540 [main] DEBUG org.hibernate.cfg.Settings - Wrap result sets: disabled
11:42:29.541 [main] DEBUG org.hibernate.cfg.Settings - JDBC3 getGeneratedKeys(): enabled
11:42:29.545 [main] DEBUG org.hibernate.cfg.Settings - JDBC result set fetch size: null
11:42:29.546 [main] DEBUG org.hibernate.cfg.Settings - Connection release mode: ON_CLOSE
11:42:29.547 [main] DEBUG org.hibernate.cfg.Settings - Generate SQL with comments: disabled
11:42:29.782 [main] DEBUG org.hibernate.internal.SessionFactoryImpl - Session factory constructed with filter configurations : {}
11:42:29.783 [main] DEBUG org.hibernate.internal.SessionFactoryImpl - Instantiating session factory with properties: {java.runtime.name=Java(TM) SE Runtime Environment, java.vm.version=25.5-b02, sun.boot.library.path=C:\Program Files\Java\jdk1.8.0_05\jre\bin, hibernate.boot.CfgXmlAccessService.key=org.hibernate.boot.cfgxml.spi.LoadedConfig@18f20260, java.vm.vendor=Oracle Corporation, java.vendor.url=http://java.oracle.com/, path.separator=;, hibernate.classLoaders=[sun.misc.Launcher$AppClassLoader@6bc7c054], java.vm.name=Java HotSpot(TM) 64-Bit Server VM, file.encoding.pkg=sun.io, sun.os.patch.level=, user.script=, user.country=IN, sun.java.launcher=SUN_STANDARD, java.vm.specification.name=Java Virtual Machine Specification, user.dir=E:\Elegant Outfits\ElegantOutfitsBackEnd, java.runtime.version=1.8.0_05-b13, java.awt.graphicsenv=sun.awt.Win32GraphicsEnvironment, basedir=E:\Elegant Outfits\ElegantOutfitsBackEnd, hibernate.connection.handling_mode=DELAYED_ACQUISITION_AND_HOLD, os.arch=amd64, hibernate.current_session_context_class=org.springframework.orm.hibernate5.SpringSessionContext, java.endorsed.dirs=C:\Program Files\Java\jdk1.8.0_05\jre\lib\endorsed, surefire.real.class.path=E:\Elegant Outfits\ElegantOutfitsBackEnd\target\surefire\surefirebooter252374114273313004.jar, java.io.tmpdir=C:\Users\Vini\AppData\Local\Temp\, line.separator=
, java.vm.specification.vendor=Oracle Corporation, user.variant=, os.name=Windows 8.1, sun.jnu.encoding=Cp1252, hibernate.connection.datasource=org.springframework.jdbc.datasource.DriverManagerDataSource@3541cb24, java.library.path=C:\Program Files\Java\jdk1.8.0_05\jre\bin;C:\WINDOWS\Sun\Java\bin;C:\WINDOWS\system32;C:\WINDOWS;C:\WINDOWS\system32;C:\WINDOWS;C:\WINDOWS\System32\Wbem;C:\WINDOWS\System32\WindowsPowerShell\v1.0\;C:\Program Files (x86)\ATI Technologies\ATI.ACE\Core-Static;C:\Program Files\Java\jdk1.8.0_05\bin;E:\Softwares\apache-maven-3.3.9-bin\apache-maven-3.3.9\bin;C:\Program Files (x86)\Skype\Phone\;C:\Program Files\Java\jdk1.8.0_05\bin;C:\Vini;%USERPROFILE%\AppData\Local\Microsoft\WindowsApps;;., surefire.test.class.path=E:\Elegant Outfits\ElegantOutfitsBackEnd\target\test-classes;E:\Elegant Outfits\ElegantOutfitsBackEnd\target\classes;C:\Users\Vini\.m2\repository\junit\junit\4.11\junit-4.11.jar;C:\Users\Vini\.m2\repository\org\hamcrest\hamcrest-core\1.3\hamcrest-core-1.3.jar;C:\Users\Vini\.m2\repository\org\springframework\spring-core\4.3.1.RELEASE\spring-core-4.3.1.RELEASE.jar;C:\Users\Vini\.m2\repository\commons-logging\commons-logging\1.2\commons-logging-1.2.jar;C:\Users\Vini\.m2\repository\org\springframework\spring-context\4.3.1.RELEASE\spring-context-4.3.1.RELEASE.jar;C:\Users\Vini\.m2\repository\org\springframework\spring-aop\4.3.1.RELEASE\spring-aop-4.3.1.RELEASE.jar;C:\Users\Vini\.m2\repository\org\springframework\spring-expression\4.3.1.RELEASE\spring-expression-4.3.1.RELEASE.jar;C:\Users\Vini\.m2\repository\org\springframework\spring-beans\4.3.1.RELEASE\spring-beans-4.3.1.RELEASE.jar;C:\Users\Vini\.m2\repository\org\hibernate\hibernate-core\5.1.0.Final\hibernate-core-5.1.0.Final.jar;C:\Users\Vini\.m2\repository\org\jboss\logging\jboss-logging\3.3.0.Final\jboss-logging-3.3.0.Final.jar;C:\Users\Vini\.m2\repository\org\hibernate\javax\persistence\hibernate-jpa-2.1-api\1.0.0.Final\hibernate-jpa-2.1-api-1.0.0.Final.jar;C:\Users\Vini\.m2\repository\org\javassist\javassist\3.20.0-GA\javassist-3.20.0-GA.jar;C:\Users\Vini\.m2\repository\antlr\antlr\2.7.7\antlr-2.7.7.jar;C:\Users\Vini\.m2\repository\org\apache\geronimo\specs\geronimo-jta_1.1_spec\1.1.1\geronimo-jta_1.1_spec-1.1.1.jar;C:\Users\Vini\.m2\repository\org\jboss\jandex\2.0.0.Final\jandex-2.0.0.Final.jar;C:\Users\Vini\.m2\repository\com\fasterxml\classmate\1.3.0\classmate-1.3.0.jar;C:\Users\Vini\.m2\repository\dom4j\dom4j\1.6.1\dom4j-1.6.1.jar;C:\Users\Vini\.m2\repository\xml-apis\xml-apis\1.0.b2\xml-apis-1.0.b2.jar;C:\Users\Vini\.m2\repository\org\hibernate\common\hibernate-commons-annotations\5.0.1.Final\hibernate-commons-annotations-5.0.1.Final.jar;C:\Users\Vini\.m2\repository\javax\validation\validation-api\1.1.0.Final\validation-api-1.1.0.Final.jar;C:\Users\Vini\.m2\repository\org\hibernate\hibernate-validator\5.1.0.Final\hibernate-validator-5.1.0.Final.jar;C:\Users\Vini\.m2\repository\org\springframework\spring-web\4.3.1.RELEASE\spring-web-4.3.1.RELEASE.jar;C:\Users\Vini\.m2\repository\com\h2database\h2\1.4.191\h2-1.4.191.jar;C:\Users\Vini\.m2\repository\javax\persistence\persistence-api\1.0.2\persistence-api-1.0.2.jar;C:\Users\Vini\.m2\repository\org\springframework\spring-jdbc\4.3.1.RELEASE\spring-jdbc-4.3.1.RELEASE.jar;C:\Users\Vini\.m2\repository\org\springframework\spring-tx\4.3.1.RELEASE\spring-tx-4.3.1.RELEASE.jar;C:\Users\Vini\.m2\repository\org\springframework\spring-orm\4.3.1.RELEASE\spring-orm-4.3.1.RELEASE.jar;C:\Users\Vini\.m2\repository\org\apache\commons\commons-dbcp2\2.1.1\commons-dbcp2-2.1.1.jar;C:\Users\Vini\.m2\repository\org\apache\commons\commons-pool2\2.4.2\commons-pool2-2.4.2.jar;C:\Users\Vini\.m2\repository\commons-fileupload\commons-fileupload\1.3.1\commons-fileupload-1.3.1.jar;C:\Users\Vini\.m2\repository\commons-io\commons-io\2.4\commons-io-2.4.jar;C:\Users\Vini\.m2\repository\taglibs\standard\1.1.2\standard-1.1.2.jar;C:\Users\Vini\.m2\repository\ch\qos\logback\logback-classic\1.1.7\logback-classic-1.1.7.jar;C:\Users\Vini\.m2\repository\ch\qos\logback\logback-core\1.1.7\logback-core-1.1.7.jar;C:\Users\Vini\.m2\repository\org\slf4j\slf4j-api\1.7.20\slf4j-api-1.7.20.jar;, java.class.version=52.0, java.specification.name=Java Platform API Specification, sun.management.compiler=HotSpot 64-Bit Tiered Compilers, os.version=6.3, user.home=C:\Users\Vini, user.timezone=Asia/Calcutta, java.awt.printerjob=sun.awt.windows.WPrinterJob, file.encoding=Cp1252, java.specification.version=1.8, user.name=Vini, java.class.path=E:\Elegant Outfits\ElegantOutfitsBackEnd\target\test-classes;E:\Elegant Outfits\ElegantOutfitsBackEnd\target\classes;C:\Users\Vini\.m2\repository\junit\junit\4.11\junit-4.11.jar;C:\Users\Vini\.m2\repository\org\hamcrest\hamcrest-core\1.3\hamcrest-core-1.3.jar;C:\Users\Vini\.m2\repository\org\springframework\spring-core\4.3.1.RELEASE\spring-core-4.3.1.RELEASE.jar;C:\Users\Vini\.m2\repository\commons-logging\commons-logging\1.2\commons-logging-1.2.jar;C:\Users\Vini\.m2\repository\org\springframework\spring-context\4.3.1.RELEASE\spring-context-4.3.1.RELEASE.jar;C:\Users\Vini\.m2\repository\org\springframework\spring-aop\4.3.1.RELEASE\spring-aop-4.3.1.RELEASE.jar;C:\Users\Vini\.m2\repository\org\springframework\spring-expression\4.3.1.RELEASE\spring-expression-4.3.1.RELEASE.jar;C:\Users\Vini\.m2\repository\org\springframework\spring-beans\4.3.1.RELEASE\spring-beans-4.3.1.RELEASE.jar;C:\Users\Vini\.m2\repository\org\hibernate\hibernate-core\5.1.0.Final\hibernate-core-5.1.0.Final.jar;C:\Users\Vini\.m2\repository\org\jboss\logging\jboss-logging\3.3.0.Final\jboss-logging-3.3.0.Final.jar;C:\Users\Vini\.m2\repository\org\hibernate\javax\persistence\hibernate-jpa-2.1-api\1.0.0.Final\hibernate-jpa-2.1-api-1.0.0.Final.jar;C:\Users\Vini\.m2\repository\org\javassist\javassist\3.20.0-GA\javassist-3.20.0-GA.jar;C:\Users\Vini\.m2\repository\antlr\antlr\2.7.7\antlr-2.7.7.jar;C:\Users\Vini\.m2\repository\org\apache\geronimo\specs\geronimo-jta_1.1_spec\1.1.1\geronimo-jta_1.1_spec-1.1.1.jar;C:\Users\Vini\.m2\repository\org\jboss\jandex\2.0.0.Final\jandex-2.0.0.Final.jar;C:\Users\Vini\.m2\repository\com\fasterxml\classmate\1.3.0\classmate-1.3.0.jar;C:\Users\Vini\.m2\repository\dom4j\dom4j\1.6.1\dom4j-1.6.1.jar;C:\Users\Vini\.m2\repository\xml-apis\xml-apis\1.0.b2\xml-apis-1.0.b2.jar;C:\Users\Vini\.m2\repository\org\hibernate\common\hibernate-commons-annotations\5.0.1.Final\hibernate-commons-annotations-5.0.1.Final.jar;C:\Users\Vini\.m2\repository\javax\validation\validation-api\1.1.0.Final\validation-api-1.1.0.Final.jar;C:\Users\Vini\.m2\repository\org\hibernate\hibernate-validator\5.1.0.Final\hibernate-validator-5.1.0.Final.jar;C:\Users\Vini\.m2\repository\org\springframework\spring-web\4.3.1.RELEASE\spring-web-4.3.1.RELEASE.jar;C:\Users\Vini\.m2\repository\com\h2database\h2\1.4.191\h2-1.4.191.jar;C:\Users\Vini\.m2\repository\javax\persistence\persistence-api\1.0.2\persistence-api-1.0.2.jar;C:\Users\Vini\.m2\repository\org\springframework\spring-jdbc\4.3.1.RELEASE\spring-jdbc-4.3.1.RELEASE.jar;C:\Users\Vini\.m2\repository\org\springframework\spring-tx\4.3.1.RELEASE\spring-tx-4.3.1.RELEASE.jar;C:\Users\Vini\.m2\repository\org\springframework\spring-orm\4.3.1.RELEASE\spring-orm-4.3.1.RELEASE.jar;C:\Users\Vini\.m2\repository\org\apache\commons\commons-dbcp2\2.1.1\commons-dbcp2-2.1.1.jar;C:\Users\Vini\.m2\repository\org\apache\commons\commons-pool2\2.4.2\commons-pool2-2.4.2.jar;C:\Users\Vini\.m2\repository\commons-fileupload\commons-fileupload\1.3.1\commons-fileupload-1.3.1.jar;C:\Users\Vini\.m2\repository\commons-io\commons-io\2.4\commons-io-2.4.jar;C:\Users\Vini\.m2\repository\taglibs\standard\1.1.2\standard-1.1.2.jar;C:\Users\Vini\.m2\repository\ch\qos\logback\logback-classic\1.1.7\logback-classic-1.1.7.jar;C:\Users\Vini\.m2\repository\ch\qos\logback\logback-core\1.1.7\logback-core-1.1.7.jar;C:\Users\Vini\.m2\repository\org\slf4j\slf4j-api\1.7.20\slf4j-api-1.7.20.jar;, hibernate.bytecode.use_reflection_optimizer=false, hibernate.show_sql=true, java.vm.specification.version=1.8, sun.arch.data.model=64, sun.java.command=E:\Elegant Outfits\ElegantOutfitsBackEnd\target\surefire\surefirebooter252374114273313004.jar E:\Elegant Outfits\ElegantOutfitsBackEnd\target\surefire\surefire3082519972543752300tmp E:\Elegant Outfits\ElegantOutfitsBackEnd\target\surefire\surefire_04050830577572699577tmp, java.home=C:\Program Files\Java\jdk1.8.0_05\jre, hibernate.dialect=org.hibernate.dialect.H2Dialect, user.language=en, java.specification.vendor=Oracle Corporation, awt.toolkit=sun.awt.windows.WToolkit, java.vm.info=mixed mode, java.version=1.8.0_05, java.ext.dirs=C:\Program Files\Java\jdk1.8.0_05\jre\lib\ext;C:\WINDOWS\Sun\Java\lib\ext, sun.boot.class.path=C:\Program Files\Java\jdk1.8.0_05\jre\lib\resources.jar;C:\Program Files\Java\jdk1.8.0_05\jre\lib\rt.jar;C:\Program Files\Java\jdk1.8.0_05\jre\lib\sunrsasign.jar;C:\Program Files\Java\jdk1.8.0_05\jre\lib\jsse.jar;C:\Program Files\Java\jdk1.8.0_05\jre\lib\jce.jar;C:\Program Files\Java\jdk1.8.0_05\jre\lib\charsets.jar;C:\Program Files\Java\jdk1.8.0_05\jre\lib\jfr.jar;C:\Program Files\Java\jdk1.8.0_05\jre\classes, java.vendor=Oracle Corporation, localRepository=C:\Users\Vini\.m2\repository, file.separator=\, java.vendor.url.bug=http://bugreport.sun.com/bugreport/, hibernate.hbm2ddl.auto=update, sun.io.unicode.encoding=UnicodeLittle, sun.cpu.endian=little, sun.desktop=windows, sun.cpu.isalist=amd64}
11:42:30.160 [main] INFO org.hibernate.validator.internal.util.Version - HV000001: Hibernate Validator 5.1.0.Final
11:42:30.220 [main] DEBUG org.hibernate.validator.internal.engine.resolver.DefaultTraversableResolver - Found javax.persistence.Persistence on classpath containing &apos;getPersistenceUtil&apos;. Assuming JPA 2 environment. Trying to instantiate JPA aware TraversableResolver
11:42:30.226 [main] DEBUG org.hibernate.validator.internal.engine.resolver.DefaultTraversableResolver - Instantiated JPA aware TraversableResolver of type org.hibernate.validator.internal.engine.resolver.JPATraversableResolver.
11:42:30.257 [main] DEBUG org.hibernate.cfg.beanvalidation.TypeSafeActivator - Unable to acquire Bean Validation ValidatorFactory, skipping activation
11:42:30.259 [main] DEBUG org.hibernate.secure.spi.JaccIntegrator - Skipping JACC integration as it was not enabled
11:42:30.538 [main] DEBUG org.hibernate.boot.internal.ClassLoaderAccessImpl - Not known whether passed class name [com.niit.model.User] is safe
11:42:30.544 [main] DEBUG org.hibernate.boot.internal.ClassLoaderAccessImpl - No temp ClassLoader provided; using live ClassLoader for loading potentially unsafe class : com.niit.model.User
11:42:30.729 [main] DEBUG org.hibernate.boot.internal.ClassLoaderAccessImpl - Not known whether passed class name [com.niit.model.User] is safe
11:42:30.736 [main] DEBUG org.hibernate.boot.internal.ClassLoaderAccessImpl - No temp ClassLoader provided; using live ClassLoader for loading potentially unsafe class : com.niit.model.User
11:42:31.391 [main] DEBUG org.hibernate.boot.internal.ClassLoaderAccessImpl - Not known whether passed class name [com.niit.model.Category] is safe
11:42:31.392 [main] DEBUG org.hibernate.boot.internal.ClassLoaderAccessImpl - No temp ClassLoader provided; using live ClassLoader for loading potentially unsafe class : com.niit.model.Category
11:42:31.394 [main] DEBUG org.hibernate.boot.internal.ClassLoaderAccessImpl - Not known whether passed class name [com.niit.model.Category] is safe
11:42:31.415 [main] DEBUG org.hibernate.boot.internal.ClassLoaderAccessImpl - No temp ClassLoader provided; using live ClassLoader for loading potentially unsafe class : com.niit.model.Category
11:42:31.510 [main] DEBUG org.hibernate.boot.internal.ClassLoaderAccessImpl - Not known whether passed class name [com.niit.model.Supplier] is safe
11:42:31.511 [main] DEBUG org.hibernate.boot.internal.ClassLoaderAccessImpl - No temp ClassLoader provided; using live ClassLoader for loading potentially unsafe class : com.niit.model.Supplier
11:42:31.512 [main] DEBUG org.hibernate.boot.internal.ClassLoaderAccessImpl - Not known whether passed class name [com.niit.model.Supplier] is safe
11:42:31.696 [main] DEBUG org.hibernate.boot.internal.ClassLoaderAccessImpl - No temp ClassLoader provided; using live ClassLoader for loading potentially unsafe class : com.niit.model.Supplier
11:42:31.719 [main] DEBUG org.hibernate.boot.internal.ClassLoaderAccessImpl - Not known whether passed class name [com.niit.model.Product] is safe
11:42:31.720 [main] DEBUG org.hibernate.boot.internal.ClassLoaderAccessImpl - No temp ClassLoader provided; using live ClassLoader for loading potentially unsafe class : com.niit.model.Product
11:42:31.721 [main] DEBUG org.hibernate.boot.internal.ClassLoaderAccessImpl - Not known whether passed class name [com.niit.model.Product] is safe
11:42:31.722 [main] DEBUG org.hibernate.boot.internal.ClassLoaderAccessImpl - No temp ClassLoader provided; using live ClassLoader for loading potentially unsafe class : com.niit.model.Product
11:42:31.830 [main] DEBUG org.hibernate.persister.entity.AbstractEntityPersister - Static SQL for entity: com.niit.model.User
11:42:31.830 [main] DEBUG org.hibernate.persister.entity.AbstractEntityPersister -  Version select: select userid from User where userid =?
11:42:31.831 [main] DEBUG org.hibernate.persister.entity.AbstractEntityPersister -  Snapshot select: select user_.userid, user_.email as email2_3_, user_.enabled as enabled3_3_, user_.firstname as firstnam4_3_, user_.mobile as mobile5_3_, user_.password as password6_3_, user_.role as role7_3_, user_.username as username8_3_ from User user_ where user_.userid=?
11:42:31.832 [main] DEBUG org.hibernate.persister.entity.AbstractEntityPersister -  Insert 0: insert into User (email, enabled, firstname, mobile, password, role, username, userid) values (?, ?, ?, ?, ?, ?, ?, ?)
11:42:31.832 [main] DEBUG org.hibernate.persister.entity.AbstractEntityPersister -  Update 0: update User set email=?, enabled=?, firstname=?, mobile=?, password=?, role=?, username=? where userid=?
11:42:31.833 [main] DEBUG org.hibernate.persister.entity.AbstractEntityPersister -  Delete 0: delete from User where userid=?
11:42:32.102 [main] DEBUG org.hibernate.loader.plan.build.internal.spaces.QuerySpacesImpl - Adding QuerySpace : uid = &lt;gen:0&gt; -&gt; org.hibernate.loader.plan.build.internal.spaces.EntityQuerySpaceImpl@1e886a5b]
11:42:32.108 [main] DEBUG org.hibernate.persister.walking.spi.MetamodelGraphWalker - Visiting attribute path : email
11:42:32.109 [main] DEBUG org.hibernate.persister.walking.spi.MetamodelGraphWalker - Visiting attribute path : enabled
11:42:32.109 [main] DEBUG org.hibernate.persister.walking.spi.MetamodelGraphWalker - Visiting attribute path : firstname
11:42:32.109 [main] DEBUG org.hibernate.persister.walking.spi.MetamodelGraphWalker - Visiting attribute path : mobile
11:42:32.110 [main] DEBUG org.hibernate.persister.walking.spi.MetamodelGraphWalker - Visiting attribute path : password
11:42:32.110 [main] DEBUG org.hibernate.persister.walking.spi.MetamodelGraphWalker - Visiting attribute path : role
11:42:32.110 [main] DEBUG org.hibernate.persister.walking.spi.MetamodelGraphWalker - Visiting attribute path : username
11:42:32.111 [main] DEBUG org.hibernate.loader.plan.build.internal.FetchStyleLoadPlanBuildingAssociationVisitationStrategy - Building LoadPlan...
11:42:32.457 [main] DEBUG org.hibernate.loader.plan.exec.internal.LoadQueryJoinAndFetchProcessor - processing queryspace &lt;gen:0&gt;
11:42:32.534 [main] DEBUG org.hibernate.loader.plan.build.spi.LoadPlanTreePrinter - LoadPlan(entity=com.niit.model.User)
    - Returns
       - EntityReturnImpl(entity=com.niit.model.User, querySpaceUid=&lt;gen:0&gt;, path=com.niit.model.User)
    - QuerySpaces
       - EntityQuerySpaceImpl(uid=&lt;gen:0&gt;, entity=com.niit.model.User)
          - SQL table alias mapping - user0_
          - alias suffix - 0_
          - suffixed key columns - {userid1_3_0_}

11:42:32.547 [main] DEBUG org.hibernate.loader.entity.plan.EntityLoader - Static select for entity com.niit.model.User [NONE]: select user0_.userid as userid1_3_0_, user0_.email as email2_3_0_, user0_.enabled as enabled3_3_0_, user0_.firstname as firstnam4_3_0_, user0_.mobile as mobile5_3_0_, user0_.password as password6_3_0_, user0_.role as role7_3_0_, user0_.username as username8_3_0_ from User user0_ where user0_.userid=?
11:42:32.549 [main] DEBUG org.hibernate.loader.plan.build.internal.spaces.QuerySpacesImpl - Adding QuerySpace : uid = &lt;gen:0&gt; -&gt; org.hibernate.loader.plan.build.internal.spaces.EntityQuerySpaceImpl@1af7f54a]
11:42:32.550 [main] DEBUG org.hibernate.persister.walking.spi.MetamodelGraphWalker - Visiting attribute path : email
11:42:32.551 [main] DEBUG org.hibernate.persister.walking.spi.MetamodelGraphWalker - Visiting attribute path : enabled
11:42:32.552 [main] DEBUG org.hibernate.persister.walking.spi.MetamodelGraphWalker - Visiting attribute path : firstname
11:42:32.552 [main] DEBUG org.hibernate.persister.walking.spi.MetamodelGraphWalker - Visiting attribute path : mobile
11:42:32.552 [main] DEBUG org.hibernate.persister.walking.spi.MetamodelGraphWalker - Visiting attribute path : password
11:42:32.553 [main] DEBUG org.hibernate.persister.walking.spi.MetamodelGraphWalker - Visiting attribute path : role
11:42:32.553 [main] DEBUG org.hibernate.persister.walking.spi.MetamodelGraphWalker - Visiting attribute path : username
11:42:32.554 [main] DEBUG org.hibernate.loader.plan.build.internal.FetchStyleLoadPlanBuildingAssociationVisitationStrategy - Building LoadPlan...
11:42:32.556 [main] DEBUG org.hibernate.loader.plan.exec.internal.LoadQueryJoinAndFetchProcessor - processing queryspace &lt;gen:0&gt;
11:42:32.559 [main] DEBUG org.hibernate.loader.plan.build.spi.LoadPlanTreePrinter - LoadPlan(entity=com.niit.model.User)
    - Returns
       - EntityReturnImpl(entity=com.niit.model.User, querySpaceUid=&lt;gen:0&gt;, path=com.niit.model.User)
    - QuerySpaces
       - EntityQuerySpaceImpl(uid=&lt;gen:0&gt;, entity=com.niit.model.User)
          - SQL table alias mapping - user0_
          - alias suffix - 0_
          - suffixed key columns - {userid1_3_0_}

11:42:32.561 [main] DEBUG org.hibernate.loader.entity.plan.EntityLoader - Static select for entity com.niit.model.User [READ]: select user0_.userid as userid1_3_0_, user0_.email as email2_3_0_, user0_.enabled as enabled3_3_0_, user0_.firstname as firstnam4_3_0_, user0_.mobile as mobile5_3_0_, user0_.password as password6_3_0_, user0_.role as role7_3_0_, user0_.username as username8_3_0_ from User user0_ where user0_.userid=?
11:42:32.562 [main] DEBUG org.hibernate.loader.plan.build.internal.spaces.QuerySpacesImpl - Adding QuerySpace : uid = &lt;gen:0&gt; -&gt; org.hibernate.loader.plan.build.internal.spaces.EntityQuerySpaceImpl@436390f4]
11:42:32.563 [main] DEBUG org.hibernate.persister.walking.spi.MetamodelGraphWalker - Visiting attribute path : email
11:42:32.567 [main] DEBUG org.hibernate.persister.walking.spi.MetamodelGraphWalker - Visiting attribute path : enabled
11:42:32.568 [main] DEBUG org.hibernate.persister.walking.spi.MetamodelGraphWalker - Visiting attribute path : firstname
11:42:32.568 [main] DEBUG org.hibernate.persister.walking.spi.MetamodelGraphWalker - Visiting attribute path : mobile
11:42:32.569 [main] DEBUG org.hibernate.persister.walking.spi.MetamodelGraphWalker - Visiting attribute path : password
11:42:32.570 [main] DEBUG org.hibernate.persister.walking.spi.MetamodelGraphWalker - Visiting attribute path : role
11:42:32.607 [main] DEBUG org.hibernate.persister.walking.spi.MetamodelGraphWalker - Visiting attribute path : username
11:42:32.608 [main] DEBUG org.hibernate.loader.plan.build.internal.FetchStyleLoadPlanBuildingAssociationVisitationStrategy - Building LoadPlan...
11:42:32.624 [main] DEBUG org.hibernate.loader.plan.exec.internal.LoadQueryJoinAndFetchProcessor - processing queryspace &lt;gen:0&gt;
11:42:32.627 [main] DEBUG org.hibernate.loader.plan.build.spi.LoadPlanTreePrinter - LoadPlan(entity=com.niit.model.User)
    - Returns
       - EntityReturnImpl(entity=com.niit.model.User, querySpaceUid=&lt;gen:0&gt;, path=com.niit.model.User)
    - QuerySpaces
       - EntityQuerySpaceImpl(uid=&lt;gen:0&gt;, entity=com.niit.model.User)
          - SQL table alias mapping - user0_
          - alias suffix - 0_
          - suffixed key columns - {userid1_3_0_}

11:42:32.628 [main] DEBUG org.hibernate.loader.entity.plan.EntityLoader - Static select for entity com.niit.model.User [UPGRADE]: select user0_.userid as userid1_3_0_, user0_.email as email2_3_0_, user0_.enabled as enabled3_3_0_, user0_.firstname as firstnam4_3_0_, user0_.mobile as mobile5_3_0_, user0_.password as password6_3_0_, user0_.role as role7_3_0_, user0_.username as username8_3_0_ from User user0_ where user0_.userid=? for update
11:42:32.629 [main] DEBUG org.hibernate.loader.plan.build.internal.spaces.QuerySpacesImpl - Adding QuerySpace : uid = &lt;gen:0&gt; -&gt; org.hibernate.loader.plan.build.internal.spaces.EntityQuerySpaceImpl@68ed96ca]
11:42:32.630 [main] DEBUG org.hibernate.persister.walking.spi.MetamodelGraphWalker - Visiting attribute path : email
11:42:32.631 [main] DEBUG org.hibernate.persister.walking.spi.MetamodelGraphWalker - Visiting attribute path : enabled
11:42:32.824 [main] DEBUG org.hibernate.persister.walking.spi.MetamodelGraphWalker - Visiting attribute path : firstname
11:42:32.825 [main] DEBUG org.hibernate.persister.walking.spi.MetamodelGraphWalker - Visiting attribute path : mobile
11:42:32.826 [main] DEBUG org.hibernate.persister.walking.spi.MetamodelGraphWalker - Visiting attribute path : password
11:42:32.827 [main] DEBUG org.hibernate.persister.walking.spi.MetamodelGraphWalker - Visiting attribute path : role
11:42:32.828 [main] DEBUG org.hibernate.persister.walking.spi.MetamodelGraphWalker - Visiting attribute path : username
11:42:32.829 [main] DEBUG org.hibernate.loader.plan.build.internal.FetchStyleLoadPlanBuildingAssociationVisitationStrategy - Building LoadPlan...
11:42:32.835 [main] DEBUG org.hibernate.loader.plan.exec.internal.LoadQueryJoinAndFetchProcessor - processing queryspace &lt;gen:0&gt;
11:42:32.862 [main] DEBUG org.hibernate.loader.plan.build.spi.LoadPlanTreePrinter - LoadPlan(entity=com.niit.model.User)
    - Returns
       - EntityReturnImpl(entity=com.niit.model.User, querySpaceUid=&lt;gen:0&gt;, path=com.niit.model.User)
    - QuerySpaces
       - EntityQuerySpaceImpl(uid=&lt;gen:0&gt;, entity=com.niit.model.User)
          - SQL table alias mapping - user0_
          - alias suffix - 0_
          - suffixed key columns - {userid1_3_0_}

11:42:32.864 [main] DEBUG org.hibernate.loader.entity.plan.EntityLoader - Static select for entity com.niit.model.User [UPGRADE_NOWAIT]: select user0_.userid as userid1_3_0_, user0_.email as email2_3_0_, user0_.enabled as enabled3_3_0_, user0_.firstname as firstnam4_3_0_, user0_.mobile as mobile5_3_0_, user0_.password as password6_3_0_, user0_.role as role7_3_0_, user0_.username as username8_3_0_ from User user0_ where user0_.userid=? for update
11:42:32.870 [main] DEBUG org.hibernate.loader.plan.build.internal.spaces.QuerySpacesImpl - Adding QuerySpace : uid = &lt;gen:0&gt; -&gt; org.hibernate.loader.plan.build.internal.spaces.EntityQuerySpaceImpl@3228d990]
11:42:32.871 [main] DEBUG org.hibernate.persister.walking.spi.MetamodelGraphWalker - Visiting attribute path : email
11:42:32.874 [main] DEBUG org.hibernate.persister.walking.spi.MetamodelGraphWalker - Visiting attribute path : enabled
11:42:32.876 [main] DEBUG org.hibernate.persister.walking.spi.MetamodelGraphWalker - Visiting attribute path : firstname
11:42:32.877 [main] DEBUG org.hibernate.persister.walking.spi.MetamodelGraphWalker - Visiting attribute path : mobile
11:42:32.877 [main] DEBUG org.hibernate.persister.walking.spi.MetamodelGraphWalker - Visiting attribute path : password
11:42:32.878 [main] DEBUG org.hibernate.persister.walking.spi.MetamodelGraphWalker - Visiting attribute path : role
11:42:32.879 [main] DEBUG org.hibernate.persister.walking.spi.MetamodelGraphWalker - Visiting attribute path : username
11:42:32.882 [main] DEBUG org.hibernate.loader.plan.build.internal.FetchStyleLoadPlanBuildingAssociationVisitationStrategy - Building LoadPlan...
11:42:32.890 [main] DEBUG org.hibernate.loader.plan.exec.internal.LoadQueryJoinAndFetchProcessor - processing queryspace &lt;gen:0&gt;
11:42:32.892 [main] DEBUG org.hibernate.loader.plan.build.spi.LoadPlanTreePrinter - LoadPlan(entity=com.niit.model.User)
    - Returns
       - EntityReturnImpl(entity=com.niit.model.User, querySpaceUid=&lt;gen:0&gt;, path=com.niit.model.User)
    - QuerySpaces
       - EntityQuerySpaceImpl(uid=&lt;gen:0&gt;, entity=com.niit.model.User)
          - SQL table alias mapping - user0_
          - alias suffix - 0_
          - suffixed key columns - {userid1_3_0_}

11:42:32.894 [main] DEBUG org.hibernate.loader.entity.plan.EntityLoader - Static select for entity com.niit.model.User [UPGRADE_SKIPLOCKED]: select user0_.userid as userid1_3_0_, user0_.email as email2_3_0_, user0_.enabled as enabled3_3_0_, user0_.firstname as firstnam4_3_0_, user0_.mobile as mobile5_3_0_, user0_.password as password6_3_0_, user0_.role as role7_3_0_, user0_.username as username8_3_0_ from User user0_ where user0_.userid=? for update
11:42:32.895 [main] DEBUG org.hibernate.loader.plan.build.internal.spaces.QuerySpacesImpl - Adding QuerySpace : uid = &lt;gen:0&gt; -&gt; org.hibernate.loader.plan.build.internal.spaces.EntityQuerySpaceImpl@50b8ae8d]
11:42:32.944 [main] DEBUG org.hibernate.persister.walking.spi.MetamodelGraphWalker - Visiting attribute path : email
11:42:32.945 [main] DEBUG org.hibernate.persister.walking.spi.MetamodelGraphWalker - Visiting attribute path : enabled
11:42:32.946 [main] DEBUG org.hibernate.persister.walking.spi.MetamodelGraphWalker - Visiting attribute path : firstname
11:42:32.947 [main] DEBUG org.hibernate.persister.walking.spi.MetamodelGraphWalker - Visiting attribute path : mobile
11:42:32.947 [main] DEBUG org.hibernate.persister.walking.spi.MetamodelGraphWalker - Visiting attribute path : password
11:42:32.948 [main] DEBUG org.hibernate.persister.walking.spi.MetamodelGraphWalker - Visiting attribute path : role
11:42:32.949 [main] DEBUG org.hibernate.persister.walking.spi.MetamodelGraphWalker - Visiting attribute path : username
11:42:32.950 [main] DEBUG org.hibernate.loader.plan.build.internal.FetchStyleLoadPlanBuildingAssociationVisitationStrategy - Building LoadPlan...
11:42:32.951 [main] DEBUG org.hibernate.loader.plan.exec.internal.LoadQueryJoinAndFetchProcessor - processing queryspace &lt;gen:0&gt;
11:42:32.954 [main] DEBUG org.hibernate.loader.plan.build.spi.LoadPlanTreePrinter - LoadPlan(entity=com.niit.model.User)
    - Returns
       - EntityReturnImpl(entity=com.niit.model.User, querySpaceUid=&lt;gen:0&gt;, path=com.niit.model.User)
    - QuerySpaces
       - EntityQuerySpaceImpl(uid=&lt;gen:0&gt;, entity=com.niit.model.User)
          - SQL table alias mapping - user0_
          - alias suffix - 0_
          - suffixed key columns - {userid1_3_0_}

11:42:32.955 [main] DEBUG org.hibernate.loader.entity.plan.EntityLoader - Static select for entity com.niit.model.User [FORCE]: select user0_.userid as userid1_3_0_, user0_.email as email2_3_0_, user0_.enabled as enabled3_3_0_, user0_.firstname as firstnam4_3_0_, user0_.mobile as mobile5_3_0_, user0_.password as password6_3_0_, user0_.role as role7_3_0_, user0_.username as username8_3_0_ from User user0_ where user0_.userid=? for update
11:42:32.958 [main] DEBUG org.hibernate.loader.plan.build.internal.spaces.QuerySpacesImpl - Adding QuerySpace : uid = &lt;gen:0&gt; -&gt; org.hibernate.loader.plan.build.internal.spaces.EntityQuerySpaceImpl@51c929ae]
11:42:32.959 [main] DEBUG org.hibernate.persister.walking.spi.MetamodelGraphWalker - Visiting attribute path : email
11:42:32.960 [main] DEBUG org.hibernate.persister.walking.spi.MetamodelGraphWalker - Visiting attribute path : enabled
11:42:32.963 [main] DEBUG org.hibernate.persister.walking.spi.MetamodelGraphWalker - Visiting attribute path : firstname
11:42:32.964 [main] DEBUG org.hibernate.persister.walking.spi.MetamodelGraphWalker - Visiting attribute path : mobile
11:42:32.966 [main] DEBUG org.hibernate.persister.walking.spi.MetamodelGraphWalker - Visiting attribute path : password
11:42:32.967 [main] DEBUG org.hibernate.persister.walking.spi.MetamodelGraphWalker - Visiting attribute path : role
11:42:32.967 [main] DEBUG org.hibernate.persister.walking.spi.MetamodelGraphWalker - Visiting attribute path : username
11:42:32.968 [main] DEBUG org.hibernate.loader.plan.build.internal.FetchStyleLoadPlanBuildingAssociationVisitationStrategy - Building LoadPlan...
11:42:32.969 [main] DEBUG org.hibernate.loader.plan.exec.internal.LoadQueryJoinAndFetchProcessor - processing queryspace &lt;gen:0&gt;
11:42:32.971 [main] DEBUG org.hibernate.loader.plan.build.spi.LoadPlanTreePrinter - LoadPlan(entity=com.niit.model.User)
    - Returns
       - EntityReturnImpl(entity=com.niit.model.User, querySpaceUid=&lt;gen:0&gt;, path=com.niit.model.User)
    - QuerySpaces
       - EntityQuerySpaceImpl(uid=&lt;gen:0&gt;, entity=com.niit.model.User)
          - SQL table alias mapping - user0_
          - alias suffix - 0_
          - suffixed key columns - {userid1_3_0_}

11:42:32.973 [main] DEBUG org.hibernate.loader.entity.plan.EntityLoader - Static select for entity com.niit.model.User [PESSIMISTIC_READ]: select user0_.userid as userid1_3_0_, user0_.email as email2_3_0_, user0_.enabled as enabled3_3_0_, user0_.firstname as firstnam4_3_0_, user0_.mobile as mobile5_3_0_, user0_.password as password6_3_0_, user0_.role as role7_3_0_, user0_.username as username8_3_0_ from User user0_ where user0_.userid=? for update
11:42:32.974 [main] DEBUG org.hibernate.loader.plan.build.internal.spaces.QuerySpacesImpl - Adding QuerySpace : uid = &lt;gen:0&gt; -&gt; org.hibernate.loader.plan.build.internal.spaces.EntityQuerySpaceImpl@29d2d081]
11:42:32.975 [main] DEBUG org.hibernate.persister.walking.spi.MetamodelGraphWalker - Visiting attribute path : email
11:42:32.976 [main] DEBUG org.hibernate.persister.walking.spi.MetamodelGraphWalker - Visiting attribute path : enabled
11:42:32.976 [main] DEBUG org.hibernate.persister.walking.spi.MetamodelGraphWalker - Visiting attribute path : firstname
11:42:32.977 [main] DEBUG org.hibernate.persister.walking.spi.MetamodelGraphWalker - Visiting attribute path : mobile
11:42:32.978 [main] DEBUG org.hibernate.persister.walking.spi.MetamodelGraphWalker - Visiting attribute path : password
11:42:32.978 [main] DEBUG org.hibernate.persister.walking.spi.MetamodelGraphWalker - Visiting attribute path : role
11:42:32.979 [main] DEBUG org.hibernate.persister.walking.spi.MetamodelGraphWalker - Visiting attribute path : username
11:42:32.979 [main] DEBUG org.hibernate.loader.plan.build.internal.FetchStyleLoadPlanBuildingAssociationVisitationStrategy - Building LoadPlan...
11:42:32.980 [main] DEBUG org.hibernate.loader.plan.exec.internal.LoadQueryJoinAndFetchProcessor - processing queryspace &lt;gen:0&gt;
11:42:33.075 [main] DEBUG org.hibernate.loader.plan.build.spi.LoadPlanTreePrinter - LoadPlan(entity=com.niit.model.User)
    - Returns
       - EntityReturnImpl(entity=com.niit.model.User, querySpaceUid=&lt;gen:0&gt;, path=com.niit.model.User)
    - QuerySpaces
       - EntityQuerySpaceImpl(uid=&lt;gen:0&gt;, entity=com.niit.model.User)
          - SQL table alias mapping - user0_
          - alias suffix - 0_
          - suffixed key columns - {userid1_3_0_}

11:42:33.086 [main] DEBUG org.hibernate.loader.entity.plan.EntityLoader - Static select for entity com.niit.model.User [PESSIMISTIC_WRITE]: select user0_.userid as userid1_3_0_, user0_.email as email2_3_0_, user0_.enabled as enabled3_3_0_, user0_.firstname as firstnam4_3_0_, user0_.mobile as mobile5_3_0_, user0_.password as password6_3_0_, user0_.role as role7_3_0_, user0_.username as username8_3_0_ from User user0_ where user0_.userid=? for update
11:42:33.087 [main] DEBUG org.hibernate.loader.plan.build.internal.spaces.QuerySpacesImpl - Adding QuerySpace : uid = &lt;gen:0&gt; -&gt; org.hibernate.loader.plan.build.internal.spaces.EntityQuerySpaceImpl@58783f6c]
[...]
	at org.junit.runners.BlockJUnit4ClassRunner.runChild(BlockJUnit4ClassRunner.java:70)
	at org.junit.runners.BlockJUnit4ClassRunner.runChild(BlockJUnit4ClassRunner.java:50)
	at org.junit.runners.ParentRunner$3.run(ParentRunner.java:238)
	at org.junit.runners.ParentRunner$1.schedule(ParentRunner.java:63)
	at org.junit.runners.ParentRunner.runChildren(ParentRunner.java:236)
	at org.junit.runners.ParentRunner.access$000(ParentRunner.java:53)
	at org.junit.runners.ParentRunner$2.evaluate(ParentRunner.java:229)
	at org.junit.internal.runners.statements.RunBefores.evaluate(RunBefores.java:26)
	at org.junit.runners.ParentRunner.run(ParentRunner.java:309)
	at org.apache.maven.surefire.junit4.JUnit4Provider.execute(JUnit4Provider.java:252)
	at org.apache.maven.surefire.junit4.JUnit4Provider.executeTestSet(JUnit4Provider.java:141)
	at org.apache.maven.surefire.junit4.JUnit4Provider.invoke(JUnit4Provider.java:112)
	at sun.reflect.NativeMethodAccessorImpl.invoke0(Native Method)
	at sun.reflect.NativeMethodAccessorImpl.invoke(NativeMethodAccessorImpl.java:62)
	at sun.reflect.DelegatingMethodAccessorImpl.invoke(DelegatingMethodAccessorImpl.java:43)
	at java.lang.reflect.Method.invoke(Method.java:483)
	at org.apache.maven.surefire.util.ReflectionUtils.invokeMethodWithArray(ReflectionUtils.java:189)
	at org.apache.maven.surefire.booter.ProviderFactory$ProviderProxy.invoke(ProviderFactory.java:165)
	at org.apache.maven.surefire.booter.ProviderFactory.invokeProvider(ProviderFactory.java:85)
	at org.apache.maven.surefire.booter.ForkedBooter.runSuitesInProcess(ForkedBooter.java:115)
	at org.apache.maven.surefire.booter.ForkedBooter.main(ForkedBooter.java:75)
Caused by: org.h2.jdbc.JdbcSQLException: Unique index or primary key violation: &quot;PRIMARY_KEY_3 ON PUBLIC.CATEGORY(CATEGORYID) VALUES (&apos;cat005&apos;, 25)&quot;; SQL statement:
insert into Category (categorydescription, categoryname, categoryid) values (?, ?, ?) [23505-192]
	at org.h2.message.DbException.getJdbcSQLException(DbException.java:345)
	at org.h2.message.DbException.get(DbException.java:179)
	at org.h2.message.DbException.get(DbException.java:155)
	at org.h2.index.BaseIndex.getDuplicateKeyException(BaseIndex.java:103)
	at org.h2.mvstore.db.MVSecondaryIndex.checkUnique(MVSecondaryIndex.java:231)
	at org.h2.mvstore.db.MVSecondaryIndex.add(MVSecondaryIndex.java:190)
	at org.h2.mvstore.db.MVTable.addRow(MVTable.java:704)
	at org.h2.command.dml.Insert.insertRows(Insert.java:156)
	at org.h2.command.dml.Insert.update(Insert.java:114)
	at org.h2.command.CommandContainer.update(CommandContainer.java:98)
	at org.h2.command.Command.executeUpdate(Command.java:258)
	at org.h2.server.TcpServerThread.process(TcpServerThread.java:344)
	at org.h2.server.TcpServerThread.run(TcpServerThread.java:158)
	at java.lang.Thread.run(Unknown Source)

	at org.h2.engine.SessionRemote.done(SessionRemote.java:624)
	at org.h2.command.CommandRemote.executeUpdate(CommandRemote.java:191)
	at org.h2.jdbc.JdbcPreparedStatement.executeUpdateInternal(JdbcPreparedStatement.java:160)
	at org.h2.jdbc.JdbcPreparedStatement.executeUpdate(JdbcPreparedStatement.java:146)
	at org.hibernate.engine.jdbc.internal.ResultSetReturnImpl.executeUpdate(ResultSetReturnImpl.java:204)
	... 49 more
</system-err>
  </testcase>
  <testcase classname="com.niit.elegantoutfitsbackend.CategoryTestCase" name="getCategoryTestCase" time="0.198"/>
  <testcase classname="com.niit.elegantoutfitsbackend.CategoryTestCase" name="getAllCategoryTestCase" time="0.812">
    <failure message="Get All Category Test Case expected:&lt;4&gt; but was:&lt;5&gt;" type="java.lang.AssertionError">java.lang.AssertionError: Get All Category Test Case expected:&lt;4&gt; but was:&lt;5&gt;
	at org.junit.Assert.fail(Assert.java:88)
	at org.junit.Assert.failNotEquals(Assert.java:743)
	at org.junit.Assert.assertEquals(Assert.java:118)
	at org.junit.Assert.assertEquals(Assert.java:555)
	at com.niit.elegantoutfitsbackend.CategoryTestCase.getAllCategoryTestCase(CategoryTestCase.java:72)
	at sun.reflect.NativeMethodAccessorImpl.invoke0(Native Method)
	at sun.reflect.NativeMethodAccessorImpl.invoke(NativeMethodAccessorImpl.java:62)
	at sun.reflect.DelegatingMethodAccessorImpl.invoke(DelegatingMethodAccessorImpl.java:43)
	at java.lang.reflect.Method.invoke(Method.java:483)
	at org.junit.runners.model.FrameworkMethod$1.runReflectiveCall(FrameworkMethod.java:47)
	at org.junit.internal.runners.model.ReflectiveCallable.run(ReflectiveCallable.java:12)
	at org.junit.runners.model.FrameworkMethod.invokeExplosively(FrameworkMethod.java:44)
	at org.junit.internal.runners.statements.InvokeMethod.evaluate(InvokeMethod.java:17)
	at org.junit.runners.ParentRunner.runLeaf(ParentRunner.java:271)
	at org.junit.runners.BlockJUnit4ClassRunner.runChild(BlockJUnit4ClassRunner.java:70)
	at org.junit.runners.BlockJUnit4ClassRunner.runChild(BlockJUnit4ClassRunner.java:50)
	at org.junit.runners.ParentRunner$3.run(ParentRunner.java:238)
	at org.junit.runners.ParentRunner$1.schedule(ParentRunner.java:63)
	at org.junit.runners.ParentRunner.runChildren(ParentRunner.java:236)
	at org.junit.runners.ParentRunner.access$000(ParentRunner.java:53)
	at org.junit.runners.ParentRunner$2.evaluate(ParentRunner.java:229)
	at org.junit.internal.runners.statements.RunBefores.evaluate(RunBefores.java:26)
	at org.junit.runners.ParentRunner.run(ParentRunner.java:309)
	at org.apache.maven.surefire.junit4.JUnit4Provider.execute(JUnit4Provider.java:252)
	at org.apache.maven.surefire.junit4.JUnit4Provider.executeTestSet(JUnit4Provider.java:141)
	at org.apache.maven.surefire.junit4.JUnit4Provider.invoke(JUnit4Provider.java:112)
	at sun.reflect.NativeMethodAccessorImpl.invoke0(Native Method)
	at sun.reflect.NativeMethodAccessorImpl.invoke(NativeMethodAccessorImpl.java:62)
	at sun.reflect.DelegatingMethodAccessorImpl.invoke(DelegatingMethodAccessorImpl.java:43)
	at java.lang.reflect.Method.invoke(Method.java:483)
	at org.apache.maven.surefire.util.ReflectionUtils.invokeMethodWithArray(ReflectionUtils.java:189)
	at org.apache.maven.surefire.booter.ProviderFactory$ProviderProxy.invoke(ProviderFactory.java:165)
	at org.apache.maven.surefire.booter.ProviderFactory.invokeProvider(ProviderFactory.java:85)
	at org.apache.maven.surefire.booter.ForkedBooter.runSuitesInProcess(ForkedBooter.java:115)
	at org.apache.maven.surefire.booter.ForkedBooter.main(ForkedBooter.java:75)
</failure>
    <system-out>11:42:37.070 [main] DEBUG com.niit.dao.CategoryDAOImpl - Starting of the Method getCategory
11:42:37.159 [main] DEBUG org.hibernate.hql.internal.QueryTranslatorFactoryInitiator - QueryTranslatorFactory : org.hibernate.hql.internal.ast.ASTQueryTranslatorFactory@534ca02b
11:42:37.160 [main] INFO org.hibernate.hql.internal.QueryTranslatorFactoryInitiator - HHH000397: Using ASTQueryTranslatorFactory
11:42:37.340 [main] DEBUG org.hibernate.hql.internal.ast.QueryTranslatorImpl - parse() - HQL: from com.niit.model.Category
11:42:37.371 [main] DEBUG org.hibernate.hql.internal.ast.QueryTranslatorImpl - --- HQL AST ---
 \-[QUERY] Node: &apos;query&apos;
    \-[SELECT_FROM] Node: &apos;SELECT_FROM&apos;
       \-[FROM] Node: &apos;from&apos;
          \-[RANGE] Node: &apos;RANGE&apos;
             \-[DOT] Node: &apos;.&apos;
                +-[DOT] Node: &apos;.&apos;
                |  +-[DOT] Node: &apos;.&apos;
                |  |  +-[IDENT] Node: &apos;com&apos;
                |  |  \-[IDENT] Node: &apos;niit&apos;
                |  \-[IDENT] Node: &apos;model&apos;
                \-[IDENT] Node: &apos;Category&apos;

11:42:37.372 [main] DEBUG org.hibernate.hql.internal.ast.ErrorCounter - throwQueryException() : no errors
11:42:37.519 [main] DEBUG org.hibernate.hql.internal.antlr.HqlSqlBaseWalker - select &lt;&lt; begin [level=1, statement=select]
11:42:37.602 [main] DEBUG org.hibernate.hql.internal.ast.tree.FromElement - FromClause{level=1} : com.niit.model.Category (&lt;no alias&gt;) -&gt; category0_
11:42:37.604 [main] DEBUG org.hibernate.hql.internal.antlr.HqlSqlBaseWalker - select : finishing up [level=1, statement=select]
11:42:37.605 [main] DEBUG org.hibernate.hql.internal.ast.HqlSqlWalker - processQuery() :  ( SELECT ( FromClause{level=1} Category category0_ ) )
11:42:37.650 [main] DEBUG org.hibernate.hql.internal.ast.HqlSqlWalker - Derived SELECT clause created.
11:42:37.685 [main] DEBUG org.hibernate.hql.internal.ast.util.JoinProcessor - Using FROM fragment [Category category0_]
11:42:37.686 [main] DEBUG org.hibernate.hql.internal.antlr.HqlSqlBaseWalker - select &gt;&gt; end [level=1, statement=select]
11:42:37.689 [main] DEBUG org.hibernate.hql.internal.ast.QueryTranslatorImpl - --- SQL AST ---
 \-[SELECT] QueryNode: &apos;SELECT&apos;  querySpaces (Category)
    +-[SELECT_CLAUSE] SelectClause: &apos;{derived select clause}&apos;
    |  +-[SELECT_EXPR] SelectExpressionImpl: &apos;category0_.categoryid as category1_0_&apos; {FromElement{explicit,not a collection join,not a fetch join,fetch non-lazy properties,classAlias=null,role=null,tableName=Category,tableAlias=category0_,origin=null,columns={,className=com.niit.model.Category}}}
    |  \-[SQL_TOKEN] SqlFragment: &apos;category0_.categorydescription as category2_0_, category0_.categoryname as category3_0_&apos;
    \-[FROM] FromClause: &apos;from&apos; FromClause{level=1, fromElementCounter=1, fromElements=1, fromElementByClassAlias=[], fromElementByTableAlias=[category0_], fromElementsByPath=[], collectionJoinFromElementsByPath=[], impliedElements=[]}
       \-[FROM_FRAGMENT] FromElement: &apos;Category category0_&apos; FromElement{explicit,not a collection join,not a fetch join,fetch non-lazy properties,classAlias=null,role=null,tableName=Category,tableAlias=category0_,origin=null,columns={,className=com.niit.model.Category}}

11:42:37.690 [main] DEBUG org.hibernate.hql.internal.ast.ErrorCounter - throwQueryException() : no errors
11:42:37.718 [main] DEBUG org.hibernate.hql.internal.ast.QueryTranslatorImpl - HQL: from com.niit.model.Category
11:42:37.718 [main] DEBUG org.hibernate.hql.internal.ast.QueryTranslatorImpl - SQL: select category0_.categoryid as category1_0_, category0_.categorydescription as category2_0_, category0_.categoryname as category3_0_ from Category category0_
11:42:37.718 [main] DEBUG org.hibernate.hql.internal.ast.ErrorCounter - throwQueryException() : no errors
11:42:37.772 [main] DEBUG org.hibernate.SQL - select category0_.categoryid as category1_0_, category0_.categorydescription as category2_0_, category0_.categoryname as category3_0_ from Category category0_
Hibernate: select category0_.categoryid as category1_0_, category0_.categorydescription as category2_0_, category0_.categoryname as category3_0_ from Category category0_
11:42:37.790 [main] DEBUG org.hibernate.loader.Loader - Result set row: 0
11:42:37.810 [main] DEBUG org.hibernate.loader.Loader - Result row: EntityKey[com.niit.model.Category#cat001]
11:42:37.817 [main] DEBUG org.hibernate.loader.Loader - Result set row: 1
11:42:37.818 [main] DEBUG org.hibernate.loader.Loader - Result row: EntityKey[com.niit.model.Category#cat002]
11:42:37.819 [main] DEBUG org.hibernate.loader.Loader - Result set row: 2
11:42:37.819 [main] DEBUG org.hibernate.loader.Loader - Result row: EntityKey[com.niit.model.Category#cat005]
11:42:37.820 [main] DEBUG org.hibernate.loader.Loader - Result set row: 3
11:42:37.820 [main] DEBUG org.hibernate.loader.Loader - Result row: EntityKey[com.niit.model.Category#cat006]
11:42:37.821 [main] DEBUG org.hibernate.loader.Loader - Result set row: 4
11:42:37.822 [main] DEBUG org.hibernate.loader.Loader - Result row: EntityKey[com.niit.model.Category#cat004]
11:42:37.823 [main] DEBUG org.hibernate.engine.internal.TwoPhaseLoad - Resolving associations for [com.niit.model.Category#cat001]
11:42:37.825 [main] DEBUG org.hibernate.engine.internal.TwoPhaseLoad - Done materializing entity [com.niit.model.Category#cat001]
11:42:37.826 [main] DEBUG org.hibernate.engine.internal.TwoPhaseLoad - Resolving associations for [com.niit.model.Category#cat002]
11:42:37.827 [main] DEBUG org.hibernate.engine.internal.TwoPhaseLoad - Done materializing entity [com.niit.model.Category#cat002]
11:42:37.828 [main] DEBUG org.hibernate.engine.internal.TwoPhaseLoad - Resolving associations for [com.niit.model.Category#cat005]
11:42:37.828 [main] DEBUG org.hibernate.engine.internal.TwoPhaseLoad - Done materializing entity [com.niit.model.Category#cat005]
11:42:37.828 [main] DEBUG org.hibernate.engine.internal.TwoPhaseLoad - Resolving associations for [com.niit.model.Category#cat006]
11:42:37.829 [main] DEBUG org.hibernate.engine.internal.TwoPhaseLoad - Done materializing entity [com.niit.model.Category#cat006]
11:42:37.829 [main] DEBUG org.hibernate.engine.internal.TwoPhaseLoad - Resolving associations for [com.niit.model.Category#cat004]
11:42:37.830 [main] DEBUG org.hibernate.engine.internal.TwoPhaseLoad - Done materializing entity [com.niit.model.Category#cat004]
11:42:37.866 [main] DEBUG com.niit.dao.CategoryDAOImpl - Ending of the Method getCategory
</system-out>
  </testcase>
  <testcase classname="com.niit.elegantoutfitsbackend.CategoryTestCase" name="deleteCategoryTestCase" time="0.039">
    <failure message="Delete Category Test Case expected:&lt;true&gt; but was:&lt;false&gt;" type="java.lang.AssertionError">java.lang.AssertionError: Delete Category Test Case expected:&lt;true&gt; but was:&lt;false&gt;
	at org.junit.Assert.fail(Assert.java:88)
	at org.junit.Assert.failNotEquals(Assert.java:743)
	at org.junit.Assert.assertEquals(Assert.java:118)
	at com.niit.elegantoutfitsbackend.CategoryTestCase.deleteCategoryTestCase(CategoryTestCase.java:60)
	at sun.reflect.NativeMethodAccessorImpl.invoke0(Native Method)
	at sun.reflect.NativeMethodAccessorImpl.invoke(NativeMethodAccessorImpl.java:62)
	at sun.reflect.DelegatingMethodAccessorImpl.invoke(DelegatingMethodAccessorImpl.java:43)
	at java.lang.reflect.Method.invoke(Method.java:483)
	at org.junit.runners.model.FrameworkMethod$1.runReflectiveCall(FrameworkMethod.java:47)
	at org.junit.internal.runners.model.ReflectiveCallable.run(ReflectiveCallable.java:12)
	at org.junit.runners.model.FrameworkMethod.invokeExplosively(FrameworkMethod.java:44)
	at org.junit.internal.runners.statements.InvokeMethod.evaluate(InvokeMethod.java:17)
	at org.junit.runners.ParentRunner.runLeaf(ParentRunner.java:271)
	at org.junit.runners.BlockJUnit4ClassRunner.runChild(BlockJUnit4ClassRunner.java:70)
	at org.junit.runners.BlockJUnit4ClassRunner.runChild(BlockJUnit4ClassRunner.java:50)
	at org.junit.runners.ParentRunner$3.run(ParentRunner.java:238)
	at org.junit.runners.ParentRunner$1.schedule(ParentRunner.java:63)
	at org.junit.runners.ParentRunner.runChildren(ParentRunner.java:236)
	at org.junit.runners.ParentRunner.access$000(ParentRunner.java:53)
	at org.junit.runners.ParentRunner$2.evaluate(ParentRunner.java:229)
	at org.junit.internal.runners.statements.RunBefores.evaluate(RunBefores.java:26)
	at org.junit.runners.ParentRunner.run(ParentRunner.java:309)
	at org.apache.maven.surefire.junit4.JUnit4Provider.execute(JUnit4Provider.java:252)
	at org.apache.maven.surefire.junit4.JUnit4Provider.executeTestSet(JUnit4Provider.java:141)
	at org.apache.maven.surefire.junit4.JUnit4Provider.invoke(JUnit4Provider.java:112)
	at sun.reflect.NativeMethodAccessorImpl.invoke0(Native Method)
	at sun.reflect.NativeMethodAccessorImpl.invoke(NativeMethodAccessorImpl.java:62)
	at sun.reflect.DelegatingMethodAccessorImpl.invoke(DelegatingMethodAccessorImpl.java:43)
	at java.lang.reflect.Method.invoke(Method.java:483)
	at org.apache.maven.surefire.util.ReflectionUtils.invokeMethodWithArray(ReflectionUtils.java:189)
	at org.apache.maven.surefire.booter.ProviderFactory$ProviderProxy.invoke(ProviderFactory.java:165)
	at org.apache.maven.surefire.booter.ProviderFactory.invokeProvider(ProviderFactory.java:85)
	at org.apache.maven.surefire.booter.ForkedBooter.runSuitesInProcess(ForkedBooter.java:115)
	at org.apache.maven.surefire.booter.ForkedBooter.main(ForkedBooter.java:75)
</failure>
    <system-out>deletecat003
11:42:37.872 [main] DEBUG com.niit.dao.CategoryDAOImpl - Starting of the Method deleteCategory
11:42:37.873 [main] DEBUG org.hibernate.engine.transaction.internal.TransactionImpl - begin
11:42:37.896 [main] DEBUG org.hibernate.SQL - select category0_.categoryid as category1_0_0_, category0_.categorydescription as category2_0_0_, category0_.categoryname as category3_0_0_ from Category category0_ where category0_.categoryid=?
Hibernate: select category0_.categoryid as category1_0_0_, category0_.categorydescription as category2_0_0_, category0_.categoryname as category3_0_0_ from Category category0_ where category0_.categoryid=?
11:42:37.899 [main] DEBUG org.hibernate.resource.jdbc.internal.ResourceRegistryStandardImpl - HHH000387: ResultSet&apos;s statement was not registered
11:42:37.901 [main] DEBUG org.hibernate.loader.entity.plan.AbstractLoadPlanBasedEntityLoader - Done entity load : com.niit.model.Category#cat003
Delete method:null
</system-out>
    <system-err>java.lang.IllegalArgumentException: attempt to create delete event with null entity
	at org.hibernate.event.spi.DeleteEvent.&lt;init&gt;(DeleteEvent.java:31)
	at org.hibernate.internal.SessionImpl.delete(SessionImpl.java:863)
	at com.niit.dao.CategoryDAOImpl.deleteCategory(CategoryDAOImpl.java:123)
	at com.niit.elegantoutfitsbackend.CategoryTestCase.deleteCategoryTestCase(CategoryTestCase.java:60)
	at sun.reflect.NativeMethodAccessorImpl.invoke0(Native Method)
	at sun.reflect.NativeMethodAccessorImpl.invoke(NativeMethodAccessorImpl.java:62)
	at sun.reflect.DelegatingMethodAccessorImpl.invoke(DelegatingMethodAccessorImpl.java:43)
	at java.lang.reflect.Method.invoke(Method.java:483)
	at org.junit.runners.model.FrameworkMethod$1.runReflectiveCall(FrameworkMethod.java:47)
	at org.junit.internal.runners.model.ReflectiveCallable.run(ReflectiveCallable.java:12)
	at org.junit.runners.model.FrameworkMethod.invokeExplosively(FrameworkMethod.java:44)
	at org.junit.internal.runners.statements.InvokeMethod.evaluate(InvokeMethod.java:17)
	at org.junit.runners.ParentRunner.runLeaf(ParentRunner.java:271)
	at org.junit.runners.BlockJUnit4ClassRunner.runChild(BlockJUnit4ClassRunner.java:70)
	at org.junit.runners.BlockJUnit4ClassRunner.runChild(BlockJUnit4ClassRunner.java:50)
	at org.junit.runners.ParentRunner$3.run(ParentRunner.java:238)
	at org.junit.runners.ParentRunner$1.schedule(ParentRunner.java:63)
	at org.junit.runners.ParentRunner.runChildren(ParentRunner.java:236)
	at org.junit.runners.ParentRunner.access$000(ParentRunner.java:53)
	at org.junit.runners.ParentRunner$2.evaluate(ParentRunner.java:229)
	at org.junit.internal.runners.statements.RunBefores.evaluate(RunBefores.java:26)
	at org.junit.runners.ParentRunner.run(ParentRunner.java:309)
	at org.apache.maven.surefire.junit4.JUnit4Provider.execute(JUnit4Provider.java:252)
	at org.apache.maven.surefire.junit4.JUnit4Provider.executeTestSet(JUnit4Provider.java:141)
	at org.apache.maven.surefire.junit4.JUnit4Provider.invoke(JUnit4Provider.java:112)
	at sun.reflect.NativeMethodAccessorImpl.invoke0(Native Method)
	at sun.reflect.NativeMethodAccessorImpl.invoke(NativeMethodAccessorImpl.java:62)
	at sun.reflect.DelegatingMethodAccessorImpl.invoke(DelegatingMethodAccessorImpl.java:43)
	at java.lang.reflect.Method.invoke(Method.java:483)
	at org.apache.maven.surefire.util.ReflectionUtils.invokeMethodWithArray(ReflectionUtils.java:189)
	at org.apache.maven.surefire.booter.ProviderFactory$ProviderProxy.invoke(ProviderFactory.java:165)
	at org.apache.maven.surefire.booter.ProviderFactory.invokeProvider(ProviderFactory.java:85)
	at org.apache.maven.surefire.booter.ForkedBooter.runSuitesInProcess(ForkedBooter.java:115)
	at org.apache.maven.surefire.booter.ForkedBooter.main(ForkedBooter.java:75)
</system-err>
  </testcase>
  <testcase classname="com.niit.elegantoutfitsbackend.CategoryTestCase" name="updateCategorytestCase" time="0.088"/>
</testsuite>